{"meta": {"format": 3, "version": "7.13.5", "timestamp": "2026-05-04T17:28:36.264036", "branch_coverage": true, "show_contexts": false}, "files": {"dq/anomaly.py": {"executed_lines": [], "summary": {"covered_lines": 0, "num_statements": 136, "percent_covered": 0.0, "percent_covered_display": "0.00", "missing_lines": 136, "excluded_lines": 0, "percent_statements_covered": 0.0, "percent_statements_covered_display": "0.00", "num_branches": 42, "num_partial_branches": 0, "covered_branches": 0, "missing_branches": 42, "percent_branches_covered": 0.0, "percent_branches_covered_display": "0.00"}, "missing_lines": [3, 5, 6, 7, 8, 9, 10, 11, 13, 14, 16, 17, 19, 20, 22, 33, 34, 35, 38, 45, 46, 59, 60, 62, 63, 64, 67, 68, 69, 70, 73, 78, 82, 83, 84, 85, 86, 87, 88, 89, 92, 101, 102, 103, 104, 107, 108, 109, 110, 111, 112, 113, 116, 122, 123, 124, 125, 126, 128, 137, 138, 140, 149, 150, 152, 155, 156, 158, 161, 170, 171, 172, 173, 174, 175, 176, 177, 180, 197, 198, 199, 200, 201, 202, 205, 224, 230, 231, 232, 233, 234, 235, 236, 237, 238, 242, 243, 244, 245, 248, 254, 269, 270, 271, 272, 273, 274, 275, 276, 277, 278, 281, 294, 309, 310, 311, 312, 328, 329, 330, 331, 332, 334, 335, 336, 337, 338, 341, 343, 346, 347, 348, 349, 350, 351, 352], "excluded_lines": [], "executed_branches": [], "missing_branches": [[63, -38], [63, 64], [84, 85], [84, 89], [85, 86], [85, 89], [102, 103], [102, 104], [110, 111], [110, 113], [122, 123], [122, 124], [137, 138], [137, 140], [149, 150], [149, 152], [155, 156], [155, 158], [170, 171], [170, 172], [174, 175], [174, 197], [175, 176], [175, 177], [198, 199], [198, 200], [200, 201], [200, 202], [231, 232], [231, 233], [234, 235], [234, 236], [243, 244], [243, 245], [271, 272], [271, 278], [276, 271], [276, 277], [311, 312], [311, 328], [335, 336], [335, 338]], "functions": {"run_anomaly_detection": {"executed_lines": [], "summary": {"covered_lines": 0, "num_statements": 7, "percent_covered": 0.0, "percent_covered_display": "0.00", "missing_lines": 7, "excluded_lines": 0, "percent_statements_covered": 0.0, "percent_statements_covered_display": "0.00", "num_branches": 2, "num_partial_branches": 0, "covered_branches": 0, "missing_branches": 2, "percent_branches_covered": 0.0, "percent_branches_covered_display": "0.00"}, "missing_lines": [45, 46, 59, 60, 62, 63, 64], "excluded_lines": [], "start_line": 38, "executed_branches": [], "missing_branches": [[63, -38], [63, 64]]}, "_collect_run_metrics": {"executed_lines": [], "summary": {"covered_lines": 0, "num_statements": 14, "percent_covered": 0.0, "percent_covered_display": "0.00", "missing_lines": 14, "excluded_lines": 0, "percent_statements_covered": 0.0, "percent_statements_covered_display": "0.00", "num_branches": 4, "num_partial_branches": 0, "covered_branches": 0, "missing_branches": 4, "percent_branches_covered": 0.0, "percent_branches_covered_display": "0.00"}, "missing_lines": [68, 69, 70, 73, 78, 82, 83, 84, 85, 86, 87, 88, 89, 92], "excluded_lines": [], "start_line": 67, "executed_branches": [], "missing_branches": [[84, 85], [84, 89], [85, 86], [85, 89]]}, "_load_metrics_history": {"executed_lines": [], "summary": {"covered_lines": 0, "num_statements": 3, "percent_covered": 0.0, "percent_covered_display": "0.00", "missing_lines": 3, "excluded_lines": 0, "percent_statements_covered": 0.0, "percent_statements_covered_display": "0.00", "num_branches": 2, "num_partial_branches": 0, "covered_branches": 0, "missing_branches": 2, "percent_branches_covered": 0.0, "percent_branches_covered_display": "0.00"}, "missing_lines": [102, 103, 104], "excluded_lines": [], "start_line": 101, "executed_branches": [], "missing_branches": [[102, 103], [102, 104]]}, "_append_metrics_history": {"executed_lines": [], "summary": {"covered_lines": 0, "num_statements": 6, "percent_covered": 0.0, "percent_covered_display": "0.00", "missing_lines": 6, "excluded_lines": 0, "percent_statements_covered": 0.0, "percent_statements_covered_display": "0.00", "num_branches": 2, "num_partial_branches": 0, "covered_branches": 0, "missing_branches": 2, "percent_branches_covered": 0.0, "percent_branches_covered_display": "0.00"}, "missing_lines": [108, 109, 110, 111, 112, 113], "excluded_lines": [], "start_line": 107, "executed_branches": [], "missing_branches": [[110, 111], [110, 113]]}, "_detect_anomalies": {"executed_lines": [], "summary": {"covered_lines": 0, "num_statements": 15, "percent_covered": 0.0, "percent_covered_display": "0.00", "missing_lines": 15, "excluded_lines": 0, "percent_statements_covered": 0.0, "percent_statements_covered_display": "0.00", "num_branches": 8, "num_partial_branches": 0, "covered_branches": 0, "missing_branches": 8, "percent_branches_covered": 0.0, "percent_branches_covered_display": "0.00"}, "missing_lines": [122, 123, 124, 125, 126, 128, 137, 138, 140, 149, 150, 152, 155, 156, 158], "excluded_lines": [], "start_line": 116, "executed_branches": [], "missing_branches": [[122, 123], [122, 124], [137, 138], [137, 140], [149, 150], [149, 152], [155, 156], [155, 158]]}, "_check_value_anomaly": {"executed_lines": [], "summary": {"covered_lines": 0, "num_statements": 16, "percent_covered": 0.0, "percent_covered_display": "0.00", "missing_lines": 16, "excluded_lines": 0, "percent_statements_covered": 0.0, "percent_statements_covered_display": "0.00", "num_branches": 10, "num_partial_branches": 0, "covered_branches": 0, "missing_branches": 10, "percent_branches_covered": 0.0, "percent_branches_covered_display": "0.00"}, "missing_lines": [170, 171, 172, 173, 174, 175, 176, 177, 180, 197, 198, 199, 200, 201, 202, 205], "excluded_lines": [], "start_line": 161, "executed_branches": [], "missing_branches": [[170, 171], [170, 172], [174, 175], [174, 197], [175, 176], [175, 177], [198, 199], [198, 200], [200, 201], [200, 202]]}, "_check_distribution_shift": {"executed_lines": [], "summary": {"covered_lines": 0, "num_statements": 15, "percent_covered": 0.0, "percent_covered_display": "0.00", "missing_lines": 15, "excluded_lines": 0, "percent_statements_covered": 0.0, "percent_statements_covered_display": "0.00", "num_branches": 6, "num_partial_branches": 0, "covered_branches": 0, "missing_branches": 6, "percent_branches_covered": 0.0, "percent_branches_covered_display": "0.00"}, "missing_lines": [230, 231, 232, 233, 234, 235, 236, 237, 238, 242, 243, 244, 245, 248, 254], "excluded_lines": [], "start_line": 224, "executed_branches": [], "missing_branches": [[231, 232], [231, 233], [234, 235], [234, 236], [243, 244], [243, 245]]}, "_aggregate_median_distribution": {"executed_lines": [], "summary": {"covered_lines": 0, "num_statements": 9, "percent_covered": 0.0, "percent_covered_display": "0.00", "missing_lines": 9, "excluded_lines": 0, "percent_statements_covered": 0.0, "percent_statements_covered_display": "0.00", "num_branches": 4, "num_partial_branches": 0, "covered_branches": 0, "missing_branches": 4, "percent_branches_covered": 0.0, "percent_branches_covered_display": "0.00"}, "missing_lines": [270, 271, 272, 273, 274, 275, 276, 277, 278], "excluded_lines": [], "start_line": 269, "executed_branches": [], "missing_branches": [[271, 272], [271, 278], [276, 271], [276, 277]]}, "_build_record": {"executed_lines": [], "summary": {"covered_lines": 0, "num_statements": 1, "percent_covered": 0.0, "percent_covered_display": "0.00", "missing_lines": 1, "excluded_lines": 0, "percent_statements_covered": 0.0, "percent_statements_covered_display": "0.00", "num_branches": 0, "num_partial_branches": 0, "covered_branches": 0, "missing_branches": 0, "percent_branches_covered": 100.0, "percent_branches_covered_display": "100.00"}, "missing_lines": [294], "excluded_lines": [], "start_line": 281, "executed_branches": [], "missing_branches": []}, "_persist_anomalies": {"executed_lines": [], "summary": {"covered_lines": 0, "num_statements": 13, "percent_covered": 0.0, "percent_covered_display": "0.00", "missing_lines": 13, "excluded_lines": 0, "percent_statements_covered": 0.0, "percent_statements_covered_display": "0.00", "num_branches": 4, "num_partial_branches": 0, "covered_branches": 0, "missing_branches": 4, "percent_branches_covered": 0.0, "percent_branches_covered_display": "0.00"}, "missing_lines": [310, 311, 312, 328, 329, 330, 331, 332, 334, 335, 336, 337, 338], "excluded_lines": [], "start_line": 309, "executed_branches": [], "missing_branches": [[311, 312], [311, 328], [335, 336], [335, 338]]}, "_export_dataset": {"executed_lines": [], "summary": {"covered_lines": 0, "num_statements": 1, "percent_covered": 0.0, "percent_covered_display": "0.00", "missing_lines": 1, "excluded_lines": 0, "percent_statements_covered": 0.0, "percent_statements_covered_display": "0.00", "num_branches": 0, "num_partial_branches": 0, "covered_branches": 0, "missing_branches": 0, "percent_branches_covered": 100.0, "percent_branches_covered_display": "100.00"}, "missing_lines": [343], "excluded_lines": [], "start_line": 341, "executed_branches": [], "missing_branches": []}, "": {"executed_lines": [], "summary": {"covered_lines": 0, "num_statements": 36, "percent_covered": 0.0, "percent_covered_display": "0.00", "missing_lines": 36, "excluded_lines": 0, "percent_statements_covered": 0.0, "percent_statements_covered_display": "0.00", "num_branches": 0, "num_partial_branches": 0, "covered_branches": 0, "missing_branches": 0, "percent_branches_covered": 100.0, "percent_branches_covered_display": "100.00"}, "missing_lines": [3, 5, 6, 7, 8, 9, 10, 11, 13, 14, 16, 17, 19, 20, 22, 33, 34, 35, 38, 67, 101, 107, 116, 161, 224, 269, 281, 309, 341, 346, 347, 348, 349, 350, 351, 352], "excluded_lines": [], "start_line": 1, "executed_branches": [], "missing_branches": []}}, "classes": {"RunMetrics": {"executed_lines": [], "summary": {"covered_lines": 0, "num_statements": 0, "percent_covered": 100.0, "percent_covered_display": "100.00", "missing_lines": 0, "excluded_lines": 0, "percent_statements_covered": 100.0, "percent_statements_covered_display": "100.00", "num_branches": 0, "num_partial_branches": 0, "covered_branches": 0, "missing_branches": 0, "percent_branches_covered": 100.0, "percent_branches_covered_display": "100.00"}, "missing_lines": [], "excluded_lines": [], "start_line": 347, "executed_branches": [], "missing_branches": []}, "": {"executed_lines": [], "summary": {"covered_lines": 0, "num_statements": 136, "percent_covered": 0.0, "percent_covered_display": "0.00", "missing_lines": 136, "excluded_lines": 0, "percent_statements_covered": 0.0, "percent_statements_covered_display": "0.00", "num_branches": 42, "num_partial_branches": 0, "covered_branches": 0, "missing_branches": 42, "percent_branches_covered": 0.0, "percent_branches_covered_display": "0.00"}, "missing_lines": [3, 5, 6, 7, 8, 9, 10, 11, 13, 14, 16, 17, 19, 20, 22, 33, 34, 35, 38, 45, 46, 59, 60, 62, 63, 64, 67, 68, 69, 70, 73, 78, 82, 83, 84, 85, 86, 87, 88, 89, 92, 101, 102, 103, 104, 107, 108, 109, 110, 111, 112, 113, 116, 122, 123, 124, 125, 126, 128, 137, 138, 140, 149, 150, 152, 155, 156, 158, 161, 170, 171, 172, 173, 174, 175, 176, 177, 180, 197, 198, 199, 200, 201, 202, 205, 224, 230, 231, 232, 233, 234, 235, 236, 237, 238, 242, 243, 244, 245, 248, 254, 269, 270, 271, 272, 273, 274, 275, 276, 277, 278, 281, 294, 309, 310, 311, 312, 328, 329, 330, 331, 332, 334, 335, 336, 337, 338, 341, 343, 346, 347, 348, 349, 350, 351, 352], "excluded_lines": [], "start_line": 1, "executed_branches": [], "missing_branches": [[63, -38], [63, 64], [84, 85], [84, 89], [85, 86], [85, 89], [102, 103], [102, 104], [110, 111], [110, 113], [122, 123], [122, 124], [137, 138], [137, 140], [149, 150], [149, 152], [155, 156], [155, 158], [170, 171], [170, 172], [174, 175], [174, 197], [175, 176], [175, 177], [198, 199], [198, 200], [200, 201], [200, 202], [231, 232], [231, 233], [234, 235], [234, 236], [243, 244], [243, 245], [271, 272], [271, 278], [276, 271], [276, 277], [311, 312], [311, 328], [335, 336], [335, 338]]}}}, "dq/app/app.py": {"executed_lines": [], "summary": {"covered_lines": 0, "num_statements": 8, "percent_covered": 0.0, "percent_covered_display": "0.00", "missing_lines": 8, "excluded_lines": 2, "percent_statements_covered": 0.0, "percent_statements_covered_display": "0.00", "num_branches": 2, "num_partial_branches": 0, "covered_branches": 0, "missing_branches": 2, "percent_branches_covered": 0.0, "percent_branches_covered_display": "0.00"}, "missing_lines": [3, 5, 6, 8, 9, 10, 12, 14], "excluded_lines": [17, 18], "executed_branches": [], "missing_branches": [[9, 10], [9, 12]], "functions": {"": {"executed_lines": [], "summary": {"covered_lines": 0, "num_statements": 8, "percent_covered": 0.0, "percent_covered_display": "0.00", "missing_lines": 8, "excluded_lines": 2, "percent_statements_covered": 0.0, "percent_statements_covered_display": "0.00", "num_branches": 2, "num_partial_branches": 0, "covered_branches": 0, "missing_branches": 2, "percent_branches_covered": 0.0, "percent_branches_covered_display": "0.00"}, "missing_lines": [3, 5, 6, 8, 9, 10, 12, 14], "excluded_lines": [17, 18], "start_line": 1, "executed_branches": [], "missing_branches": [[9, 10], [9, 12]]}}, "classes": {"": {"executed_lines": [], "summary": {"covered_lines": 0, "num_statements": 8, "percent_covered": 0.0, "percent_covered_display": "0.00", "missing_lines": 8, "excluded_lines": 2, "percent_statements_covered": 0.0, "percent_statements_covered_display": "0.00", "num_branches": 2, "num_partial_branches": 0, "covered_branches": 0, "missing_branches": 2, "percent_branches_covered": 0.0, "percent_branches_covered_display": "0.00"}, "missing_lines": [3, 5, 6, 8, 9, 10, 12, 14], "excluded_lines": [17, 18], "start_line": 1, "executed_branches": [], "missing_branches": [[9, 10], [9, 12]]}}}, "dq/app/processing.py": {"executed_lines": [], "summary": {"covered_lines": 0, "num_statements": 63, "percent_covered": 0.0, "percent_covered_display": "0.00", "missing_lines": 63, "excluded_lines": 0, "percent_statements_covered": 0.0, "percent_statements_covered_display": "0.00", "num_branches": 16, "num_partial_branches": 0, "covered_branches": 0, "missing_branches": 16, "percent_branches_covered": 0.0, "percent_branches_covered_display": "0.00"}, "missing_lines": [3, 5, 6, 7, 8, 9, 11, 12, 14, 15, 16, 17, 19, 22, 23, 24, 25, 26, 29, 30, 31, 34, 35, 36, 37, 38, 39, 41, 44, 47, 48, 49, 50, 51, 52, 53, 54, 55, 59, 62, 63, 64, 65, 66, 67, 68, 69, 72, 73, 85, 86, 87, 90, 93, 94, 102, 103, 109, 110, 111, 112, 113, 114], "excluded_lines": [], "executed_branches": [], "missing_branches": [[23, 24], [23, 26], [24, 23], [24, 25], [35, -34], [35, 36], [37, 38], [37, 41], [49, 50], [49, 51], [51, 52], [51, 53], [54, 55], [54, 59], [66, 67], [66, 68]], "functions": {"_find_dataset_root": {"executed_lines": [], "summary": {"covered_lines": 0, "num_statements": 4, "percent_covered": 0.0, "percent_covered_display": "0.00", "missing_lines": 4, "excluded_lines": 0, "percent_statements_covered": 0.0, "percent_statements_covered_display": "0.00", "num_branches": 4, "num_partial_branches": 0, "covered_branches": 0, "missing_branches": 4, "percent_branches_covered": 0.0, "percent_branches_covered_display": "0.00"}, "missing_lines": [23, 24, 25, 26], "excluded_lines": [], "start_line": 22, "executed_branches": [], "missing_branches": [[23, 24], [23, 26], [24, 23], [24, 25]]}, "_extract_archive": {"executed_lines": [], "summary": {"covered_lines": 0, "num_statements": 2, "percent_covered": 0.0, "percent_covered_display": "0.00", "missing_lines": 2, "excluded_lines": 0, "percent_statements_covered": 0.0, "percent_statements_covered_display": "0.00", "num_branches": 0, "num_partial_branches": 0, "covered_branches": 0, "missing_branches": 0, "percent_branches_covered": 100.0, "percent_branches_covered_display": "100.00"}, "missing_lines": [30, 31], "excluded_lines": [], "start_line": 29, "executed_branches": [], "missing_branches": []}, "_stage_uploaded_files": {"executed_lines": [], "summary": {"covered_lines": 0, "num_statements": 6, "percent_covered": 0.0, "percent_covered_display": "0.00", "missing_lines": 6, "excluded_lines": 0, "percent_statements_covered": 0.0, "percent_statements_covered_display": "0.00", "num_branches": 4, "num_partial_branches": 0, "covered_branches": 0, "missing_branches": 4, "percent_branches_covered": 0.0, "percent_branches_covered_display": "0.00"}, "missing_lines": [35, 36, 37, 38, 39, 41], "excluded_lines": [], "start_line": 34, "executed_branches": [], "missing_branches": [[35, -34], [35, 36], [37, 38], [37, 41]]}, "prepare_raw_source": {"executed_lines": [], "summary": {"covered_lines": 0, "num_statements": 10, "percent_covered": 0.0, "percent_covered_display": "0.00", "missing_lines": 10, "excluded_lines": 0, "percent_statements_covered": 0.0, "percent_statements_covered_display": "0.00", "num_branches": 6, "num_partial_branches": 0, "covered_branches": 0, "missing_branches": 6, "percent_branches_covered": 0.0, "percent_branches_covered_display": "0.00"}, "missing_lines": [47, 48, 49, 50, 51, 52, 53, 54, 55, 59], "excluded_lines": [], "start_line": 44, "executed_branches": [], "missing_branches": [[49, 50], [49, 51], [51, 52], [51, 53], [54, 55], [54, 59]]}, "_build_cleaned_archive": {"executed_lines": [], "summary": {"covered_lines": 0, "num_statements": 7, "percent_covered": 0.0, "percent_covered_display": "0.00", "missing_lines": 7, "excluded_lines": 0, "percent_statements_covered": 0.0, "percent_statements_covered_display": "0.00", "num_branches": 2, "num_partial_branches": 0, "covered_branches": 0, "missing_branches": 2, "percent_branches_covered": 0.0, "percent_branches_covered_display": "0.00"}, "missing_lines": [63, 64, 65, 66, 67, 68, 69], "excluded_lines": [], "start_line": 62, "executed_branches": [], "missing_branches": [[66, 67], [66, 68]]}, "_build_exceptions_csv": {"executed_lines": [], "summary": {"covered_lines": 0, "num_statements": 4, "percent_covered": 0.0, "percent_covered_display": "0.00", "missing_lines": 4, "excluded_lines": 0, "percent_statements_covered": 0.0, "percent_statements_covered_display": "0.00", "num_branches": 0, "num_partial_branches": 0, "covered_branches": 0, "missing_branches": 0, "percent_branches_covered": 100.0, "percent_branches_covered_display": "100.00"}, "missing_lines": [73, 85, 86, 87], "excluded_lines": [], "start_line": 72, "executed_branches": [], "missing_branches": []}, "run_validation_pipeline": {"executed_lines": [], "summary": {"covered_lines": 0, "num_statements": 10, "percent_covered": 0.0, "percent_covered_display": "0.00", "missing_lines": 10, "excluded_lines": 0, "percent_statements_covered": 0.0, "percent_statements_covered_display": "0.00", "num_branches": 0, "num_partial_branches": 0, "covered_branches": 0, "missing_branches": 0, "percent_branches_covered": 100.0, "percent_branches_covered_display": "100.00"}, "missing_lines": [93, 94, 102, 103, 109, 110, 111, 112, 113, 114], "excluded_lines": [], "start_line": 90, "executed_branches": [], "missing_branches": []}, "": {"executed_lines": [], "summary": {"covered_lines": 0, "num_statements": 20, "percent_covered": 0.0, "percent_covered_display": "0.00", "missing_lines": 20, "excluded_lines": 0, "percent_statements_covered": 0.0, "percent_statements_covered_display": "0.00", "num_branches": 0, "num_partial_branches": 0, "covered_branches": 0, "missing_branches": 0, "percent_branches_covered": 100.0, "percent_branches_covered_display": "100.00"}, "missing_lines": [3, 5, 6, 7, 8, 9, 11, 12, 14, 15, 16, 17, 19, 22, 29, 34, 44, 62, 72, 90], "excluded_lines": [], "start_line": 1, "executed_branches": [], "missing_branches": []}}, "classes": {"": {"executed_lines": [], "summary": {"covered_lines": 0, "num_statements": 63, "percent_covered": 0.0, "percent_covered_display": "0.00", "missing_lines": 63, "excluded_lines": 0, "percent_statements_covered": 0.0, "percent_statements_covered_display": "0.00", "num_branches": 16, "num_partial_branches": 0, "covered_branches": 0, "missing_branches": 16, "percent_branches_covered": 0.0, "percent_branches_covered_display": "0.00"}, "missing_lines": [3, 5, 6, 7, 8, 9, 11, 12, 14, 15, 16, 17, 19, 22, 23, 24, 25, 26, 29, 30, 31, 34, 35, 36, 37, 38, 39, 41, 44, 47, 48, 49, 50, 51, 52, 53, 54, 55, 59, 62, 63, 64, 65, 66, 67, 68, 69, 72, 73, 85, 86, 87, 90, 93, 94, 102, 103, 109, 110, 111, 112, 113, 114], "excluded_lines": [], "start_line": 1, "executed_branches": [], "missing_branches": [[23, 24], [23, 26], [24, 23], [24, 25], [35, -34], [35, 36], [37, 38], [37, 41], [49, 50], [49, 51], [51, 52], [51, 53], [54, 55], [54, 59], [66, 67], [66, 68]]}}}, "dq/app/ui.py": {"executed_lines": [], "summary": {"covered_lines": 0, "num_statements": 62, "percent_covered": 0.0, "percent_covered_display": "0.00", "missing_lines": 62, "excluded_lines": 0, "percent_statements_covered": 0.0, "percent_statements_covered_display": "0.00", "num_branches": 10, "num_partial_branches": 0, "covered_branches": 0, "missing_branches": 10, "percent_branches_covered": 0.0, "percent_branches_covered_display": "0.00"}, "missing_lines": [3, 5, 6, 7, 8, 10, 11, 12, 14, 15, 17, 18, 20, 31, 38, 41, 42, 43, 44, 45, 46, 51, 52, 54, 55, 56, 58, 72, 78, 79, 85, 91, 99, 100, 101, 102, 107, 108, 109, 110, 111, 114, 115, 117, 123, 124, 125, 126, 127, 128, 129, 130, 131, 136, 137, 138, 139, 142, 143, 144, 145, 146], "excluded_lines": [], "executed_branches": [], "missing_branches": [[45, 46], [45, 52], [55, 56], [55, 58], [114, 115], [114, 117], [123, -99], [123, 124], [124, 125], [124, 127]], "functions": {"_render_results": {"executed_lines": [], "summary": {"covered_lines": 0, "num_statements": 18, "percent_covered": 0.0, "percent_covered_display": "0.00", "missing_lines": 18, "excluded_lines": 0, "percent_statements_covered": 0.0, "percent_statements_covered_display": "0.00", "num_branches": 4, "num_partial_branches": 0, "covered_branches": 0, "missing_branches": 4, "percent_branches_covered": 0.0, "percent_branches_covered_display": "0.00"}, "missing_lines": [38, 41, 42, 43, 44, 45, 46, 51, 52, 54, 55, 56, 58, 72, 78, 79, 85, 91], "excluded_lines": [], "start_line": 31, "executed_branches": [], "missing_branches": [[45, 46], [45, 52], [55, 56], [55, 58]]}, "main": {"executed_lines": [], "summary": {"covered_lines": 0, "num_statements": 29, "percent_covered": 0.0, "percent_covered_display": "0.00", "missing_lines": 29, "excluded_lines": 0, "percent_statements_covered": 0.0, "percent_statements_covered_display": "0.00", "num_branches": 6, "num_partial_branches": 0, "covered_branches": 0, "missing_branches": 6, "percent_branches_covered": 0.0, "percent_branches_covered_display": "0.00"}, "missing_lines": [100, 101, 102, 107, 108, 109, 110, 111, 114, 115, 117, 123, 124, 125, 126, 127, 128, 129, 130, 131, 136, 137, 138, 139, 142, 143, 144, 145, 146], "excluded_lines": [], "start_line": 99, "executed_branches": [], "missing_branches": [[114, 115], [114, 117], [123, -99], [123, 124], [124, 125], [124, 127]]}, "": {"executed_lines": [], "summary": {"covered_lines": 0, "num_statements": 15, "percent_covered": 0.0, "percent_covered_display": "0.00", "missing_lines": 15, "excluded_lines": 0, "percent_statements_covered": 0.0, "percent_statements_covered_display": "0.00", "num_branches": 0, "num_partial_branches": 0, "covered_branches": 0, "missing_branches": 0, "percent_branches_covered": 100.0, "percent_branches_covered_display": "100.00"}, "missing_lines": [3, 5, 6, 7, 8, 10, 11, 12, 14, 15, 17, 18, 20, 31, 99], "excluded_lines": [], "start_line": 1, "executed_branches": [], "missing_branches": []}}, "classes": {"": {"executed_lines": [], "summary": {"covered_lines": 0, "num_statements": 62, "percent_covered": 0.0, "percent_covered_display": "0.00", "missing_lines": 62, "excluded_lines": 0, "percent_statements_covered": 0.0, "percent_statements_covered_display": "0.00", "num_branches": 10, "num_partial_branches": 0, "covered_branches": 0, "missing_branches": 10, "percent_branches_covered": 0.0, "percent_branches_covered_display": "0.00"}, "missing_lines": [3, 5, 6, 7, 8, 10, 11, 12, 14, 15, 17, 18, 20, 31, 38, 41, 42, 43, 44, 45, 46, 51, 52, 54, 55, 56, 58, 72, 78, 79, 85, 91, 99, 100, 101, 102, 107, 108, 109, 110, 111, 114, 115, 117, 123, 124, 125, 126, 127, 128, 129, 130, 131, 136, 137, 138, 139, 142, 143, 144, 145, 146], "excluded_lines": [], "start_line": 1, "executed_branches": [], "missing_branches": [[45, 46], [45, 52], [55, 56], [55, 58], [114, 115], [114, 117], [123, -99], [123, 124], [124, 125], [124, 127]]}}}, "dq/schema_drift.py": {"executed_lines": [], "summary": {"covered_lines": 0, "num_statements": 91, "percent_covered": 0.0, "percent_covered_display": "0.00", "missing_lines": 91, "excluded_lines": 0, "percent_statements_covered": 0.0, "percent_statements_covered_display": "0.00", "num_branches": 34, "num_partial_branches": 0, "covered_branches": 0, "missing_branches": 34, "percent_branches_covered": 0.0, "percent_branches_covered_display": "0.00"}, "missing_lines": [3, 5, 6, 7, 9, 10, 11, 13, 15, 16, 18, 32, 40, 41, 43, 44, 45, 47, 50, 51, 52, 53, 54, 55, 56, 57, 58, 64, 67, 68, 69, 79, 80, 81, 82, 83, 86, 90, 91, 92, 94, 95, 105, 106, 107, 117, 118, 119, 120, 121, 122, 123, 124, 125, 126, 127, 134, 135, 136, 137, 138, 139, 140, 141, 144, 145, 154, 157, 158, 159, 160, 161, 164, 165, 166, 167, 170, 177, 186, 192, 193, 194, 202, 203, 204, 205, 207, 208, 209, 210, 211], "excluded_lines": [], "executed_branches": [], "missing_branches": [[44, 45], [44, 47], [51, 52], [51, 53], [56, 57], [56, 64], [80, 81], [80, 83], [94, 95], [94, 105], [105, 106], [105, 117], [117, 118], [117, 154], [123, 124], [123, 134], [126, 123], [126, 127], [134, 117], [134, 135], [136, 137], [136, 138], [138, 139], [138, 140], [140, 141], [140, 145], [158, 159], [158, 160], [165, 166], [165, 167], [193, 194], [193, 202], [208, 209], [208, 211]], "functions": {"run_schema_drift_detection": {"executed_lines": [], "summary": {"covered_lines": 0, "num_statements": 6, "percent_covered": 0.0, "percent_covered_display": "0.00", "missing_lines": 6, "excluded_lines": 0, "percent_statements_covered": 0.0, "percent_statements_covered_display": "0.00", "num_branches": 2, "num_partial_branches": 0, "covered_branches": 0, "missing_branches": 2, "percent_branches_covered": 0.0, "percent_branches_covered_display": "0.00"}, "missing_lines": [40, 41, 43, 44, 45, 47], "excluded_lines": [], "start_line": 32, "executed_branches": [], "missing_branches": [[44, 45], [44, 47]]}, "_load_expected_schema": {"executed_lines": [], "summary": {"covered_lines": 0, "num_statements": 9, "percent_covered": 0.0, "percent_covered_display": "0.00", "missing_lines": 9, "excluded_lines": 0, "percent_statements_covered": 0.0, "percent_statements_covered_display": "0.00", "num_branches": 4, "num_partial_branches": 0, "covered_branches": 0, "missing_branches": 4, "percent_branches_covered": 0.0, "percent_branches_covered_display": "0.00"}, "missing_lines": [51, 52, 53, 54, 55, 56, 57, 58, 64], "excluded_lines": [], "start_line": 50, "executed_branches": [], "missing_branches": [[51, 52], [51, 53], [56, 57], [56, 64]]}, "_collect_inferred_schema": {"executed_lines": [], "summary": {"covered_lines": 0, "num_statements": 7, "percent_covered": 0.0, "percent_covered_display": "0.00", "missing_lines": 7, "excluded_lines": 0, "percent_statements_covered": 0.0, "percent_statements_covered_display": "0.00", "num_branches": 2, "num_partial_branches": 0, "covered_branches": 0, "missing_branches": 2, "percent_branches_covered": 0.0, "percent_branches_covered_display": "0.00"}, "missing_lines": [68, 69, 79, 80, 81, 82, 83], "excluded_lines": [], "start_line": 67, "executed_branches": [], "missing_branches": [[80, 81], [80, 83]]}, "_compare": {"executed_lines": [], "summary": {"covered_lines": 0, "num_statements": 30, "percent_covered": 0.0, "percent_covered_display": "0.00", "missing_lines": 30, "excluded_lines": 0, "percent_statements_covered": 0.0, "percent_statements_covered_display": "0.00", "num_branches": 18, "num_partial_branches": 0, "covered_branches": 0, "missing_branches": 18, "percent_branches_covered": 0.0, "percent_branches_covered_display": "0.00"}, "missing_lines": [90, 91, 92, 94, 95, 105, 106, 107, 117, 118, 119, 120, 121, 122, 123, 124, 125, 126, 127, 134, 135, 136, 137, 138, 139, 140, 141, 144, 145, 154], "excluded_lines": [], "start_line": 86, "executed_branches": [], "missing_branches": [[94, 95], [94, 105], [105, 106], [105, 117], [117, 118], [117, 154], [123, 124], [123, 134], [126, 123], [126, 127], [134, 117], [134, 135], [136, 137], [136, 138], [138, 139], [138, 140], [140, 141], [140, 145]]}, "_normalize_config_type": {"executed_lines": [], "summary": {"covered_lines": 0, "num_statements": 4, "percent_covered": 0.0, "percent_covered_display": "0.00", "missing_lines": 4, "excluded_lines": 0, "percent_statements_covered": 0.0, "percent_statements_covered_display": "0.00", "num_branches": 2, "num_partial_branches": 0, "covered_branches": 0, "missing_branches": 2, "percent_branches_covered": 0.0, "percent_branches_covered_display": "0.00"}, "missing_lines": [158, 159, 160, 161], "excluded_lines": [], "start_line": 157, "executed_branches": [], "missing_branches": [[158, 159], [158, 160]]}, "_normalize_actual_type": {"executed_lines": [], "summary": {"covered_lines": 0, "num_statements": 3, "percent_covered": 0.0, "percent_covered_display": "0.00", "missing_lines": 3, "excluded_lines": 0, "percent_statements_covered": 0.0, "percent_statements_covered_display": "0.00", "num_branches": 2, "num_partial_branches": 0, "covered_branches": 0, "missing_branches": 2, "percent_branches_covered": 0.0, "percent_branches_covered_display": "0.00"}, "missing_lines": [165, 166, 167], "excluded_lines": [], "start_line": 164, "executed_branches": [], "missing_branches": [[165, 166], [165, 167]]}, "_build_record": {"executed_lines": [], "summary": {"covered_lines": 0, "num_statements": 1, "percent_covered": 0.0, "percent_covered_display": "0.00", "missing_lines": 1, "excluded_lines": 0, "percent_statements_covered": 0.0, "percent_statements_covered_display": "0.00", "num_branches": 0, "num_partial_branches": 0, "covered_branches": 0, "missing_branches": 0, "percent_branches_covered": 100.0, "percent_branches_covered_display": "100.00"}, "missing_lines": [177], "excluded_lines": [], "start_line": 170, "executed_branches": [], "missing_branches": []}, "_persist_schema_drift": {"executed_lines": [], "summary": {"covered_lines": 0, "num_statements": 12, "percent_covered": 0.0, "percent_covered_display": "0.00", "missing_lines": 12, "excluded_lines": 0, "percent_statements_covered": 0.0, "percent_statements_covered_display": "0.00", "num_branches": 4, "num_partial_branches": 0, "covered_branches": 0, "missing_branches": 4, "percent_branches_covered": 0.0, "percent_branches_covered_display": "0.00"}, "missing_lines": [192, 193, 194, 202, 203, 204, 205, 207, 208, 209, 210, 211], "excluded_lines": [], "start_line": 186, "executed_branches": [], "missing_branches": [[193, 194], [193, 202], [208, 209], [208, 211]]}, "": {"executed_lines": [], "summary": {"covered_lines": 0, "num_statements": 19, "percent_covered": 0.0, "percent_covered_display": "0.00", "missing_lines": 19, "excluded_lines": 0, "percent_statements_covered": 0.0, "percent_statements_covered_display": "0.00", "num_branches": 0, "num_partial_branches": 0, "covered_branches": 0, "missing_branches": 0, "percent_branches_covered": 100.0, "percent_branches_covered_display": "100.00"}, "missing_lines": [3, 5, 6, 7, 9, 10, 11, 13, 15, 16, 18, 32, 50, 67, 86, 157, 164, 170, 186], "excluded_lines": [], "start_line": 1, "executed_branches": [], "missing_branches": []}}, "classes": {"": {"executed_lines": [], "summary": {"covered_lines": 0, "num_statements": 91, "percent_covered": 0.0, "percent_covered_display": "0.00", "missing_lines": 91, "excluded_lines": 0, "percent_statements_covered": 0.0, "percent_statements_covered_display": "0.00", "num_branches": 34, "num_partial_branches": 0, "covered_branches": 0, "missing_branches": 34, "percent_branches_covered": 0.0, "percent_branches_covered_display": "0.00"}, "missing_lines": [3, 5, 6, 7, 9, 10, 11, 13, 15, 16, 18, 32, 40, 41, 43, 44, 45, 47, 50, 51, 52, 53, 54, 55, 56, 57, 58, 64, 67, 68, 69, 79, 80, 81, 82, 83, 86, 90, 91, 92, 94, 95, 105, 106, 107, 117, 118, 119, 120, 121, 122, 123, 124, 125, 126, 127, 134, 135, 136, 137, 138, 139, 140, 141, 144, 145, 154, 157, 158, 159, 160, 161, 164, 165, 166, 167, 170, 177, 186, 192, 193, 194, 202, 203, 204, 205, 207, 208, 209, 210, 211], "excluded_lines": [], "start_line": 1, "executed_branches": [], "missing_branches": [[44, 45], [44, 47], [51, 52], [51, 53], [56, 57], [56, 64], [80, 81], [80, 83], [94, 95], [94, 105], [105, 106], [105, 117], [117, 118], [117, 154], [123, 124], [123, 134], [126, 123], [126, 127], [134, 117], [134, 135], [136, 137], [136, 138], [138, 139], [138, 140], [140, 141], [140, 145], [158, 159], [158, 160], [165, 166], [165, 167], [193, 194], [193, 202], [208, 209], [208, 211]]}}}, "dq/validate/config.py": {"executed_lines": [], "summary": {"covered_lines": 0, "num_statements": 82, "percent_covered": 0.0, "percent_covered_display": "0.00", "missing_lines": 82, "excluded_lines": 0, "percent_statements_covered": 0.0, "percent_statements_covered_display": "0.00", "num_branches": 26, "num_partial_branches": 0, "covered_branches": 0, "missing_branches": 26, "percent_branches_covered": 0.0, "percent_branches_covered_display": "0.00"}, "missing_lines": [3, 5, 6, 7, 9, 12, 13, 14, 15, 18, 19, 20, 21, 24, 25, 26, 27, 28, 29, 30, 31, 32, 33, 34, 35, 36, 37, 38, 41, 42, 43, 44, 45, 46, 47, 50, 51, 52, 53, 54, 55, 56, 57, 58, 59, 60, 61, 62, 63, 67, 84, 85, 86, 87, 90, 93, 94, 95, 96, 97, 98, 99, 100, 101, 102, 103, 104, 105, 106, 108, 109, 110, 111, 112, 113, 114, 115, 116, 117, 118, 119, 120], "excluded_lines": [], "executed_branches": [], "missing_branches": [[43, 44], [43, 47], [55, 56], [55, 84], [56, 55], [56, 57], [60, 61], [60, 62], [95, 96], [95, 97], [99, 100], [99, 101], [102, 103], [102, 120], [103, 104], [103, 105], [105, 106], [105, 108], [110, 111], [110, 118], [111, 112], [111, 113], [115, 116], [115, 117], [118, 102], [118, 119]], "functions": {"_parse_rule": {"executed_lines": [], "summary": {"covered_lines": 0, "num_statements": 6, "percent_covered": 0.0, "percent_covered_display": "0.00", "missing_lines": 6, "excluded_lines": 0, "percent_statements_covered": 0.0, "percent_statements_covered_display": "0.00", "num_branches": 2, "num_partial_branches": 0, "covered_branches": 0, "missing_branches": 2, "percent_branches_covered": 0.0, "percent_branches_covered_display": "0.00"}, "missing_lines": [42, 43, 44, 45, 46, 47], "excluded_lines": [], "start_line": 41, "executed_branches": [], "missing_branches": [[43, 44], [43, 47]]}, "load_rules": {"executed_lines": [], "summary": {"covered_lines": 0, "num_statements": 18, "percent_covered": 0.0, "percent_covered_display": "0.00", "missing_lines": 18, "excluded_lines": 0, "percent_statements_covered": 0.0, "percent_statements_covered_display": "0.00", "num_branches": 6, "num_partial_branches": 0, "covered_branches": 0, "missing_branches": 6, "percent_branches_covered": 0.0, "percent_branches_covered_display": "0.00"}, "missing_lines": [51, 52, 53, 54, 55, 56, 57, 58, 59, 60, 61, 62, 63, 67, 84, 85, 86, 87], "excluded_lines": [], "start_line": 50, "executed_branches": [], "missing_branches": [[55, 56], [55, 84], [56, 55], [56, 57], [60, 61], [60, 62]]}, "load_root_causes": {"executed_lines": [], "summary": {"covered_lines": 0, "num_statements": 26, "percent_covered": 0.0, "percent_covered_display": "0.00", "missing_lines": 26, "excluded_lines": 0, "percent_statements_covered": 0.0, "percent_statements_covered_display": "0.00", "num_branches": 18, "num_partial_branches": 0, "covered_branches": 0, "missing_branches": 18, "percent_branches_covered": 0.0, "percent_branches_covered_display": "0.00"}, "missing_lines": [94, 95, 96, 97, 98, 99, 100, 101, 102, 103, 104, 105, 106, 108, 109, 110, 111, 112, 113, 114, 115, 116, 117, 118, 119, 120], "excluded_lines": [], "start_line": 93, "executed_branches": [], "missing_branches": [[95, 96], [95, 97], [99, 100], [99, 101], [102, 103], [102, 120], [103, 104], [103, 105], [105, 106], [105, 108], [110, 111], [110, 118], [111, 112], [111, 113], [115, 116], [115, 117], [118, 102], [118, 119]]}, "": {"executed_lines": [], "summary": {"covered_lines": 0, "num_statements": 32, "percent_covered": 0.0, "percent_covered_display": "0.00", "missing_lines": 32, "excluded_lines": 0, "percent_statements_covered": 0.0, "percent_statements_covered_display": "0.00", "num_branches": 0, "num_partial_branches": 0, "covered_branches": 0, "missing_branches": 0, "percent_branches_covered": 100.0, "percent_branches_covered_display": "100.00"}, "missing_lines": [3, 5, 6, 7, 9, 12, 13, 14, 15, 18, 19, 20, 21, 24, 25, 26, 27, 28, 29, 30, 31, 32, 33, 34, 35, 36, 37, 38, 41, 50, 90, 93], "excluded_lines": [], "start_line": 1, "executed_branches": [], "missing_branches": []}}, "classes": {"Threshold": {"executed_lines": [], "summary": {"covered_lines": 0, "num_statements": 0, "percent_covered": 100.0, "percent_covered_display": "100.00", "missing_lines": 0, "excluded_lines": 0, "percent_statements_covered": 100.0, "percent_statements_covered_display": "100.00", "num_branches": 0, "num_partial_branches": 0, "covered_branches": 0, "missing_branches": 0, "percent_branches_covered": 100.0, "percent_branches_covered_display": "100.00"}, "missing_lines": [], "excluded_lines": [], "start_line": 13, "executed_branches": [], "missing_branches": []}, "RootCause": {"executed_lines": [], "summary": {"covered_lines": 0, "num_statements": 0, "percent_covered": 100.0, "percent_covered_display": "100.00", "missing_lines": 0, "excluded_lines": 0, "percent_statements_covered": 100.0, "percent_statements_covered_display": "100.00", "num_branches": 0, "num_partial_branches": 0, "covered_branches": 0, "missing_branches": 0, "percent_branches_covered": 100.0, "percent_branches_covered_display": "100.00"}, "missing_lines": [], "excluded_lines": [], "start_line": 19, "executed_branches": [], "missing_branches": []}, "CheckRule": {"executed_lines": [], "summary": {"covered_lines": 0, "num_statements": 0, "percent_covered": 100.0, "percent_covered_display": "100.00", "missing_lines": 0, "excluded_lines": 0, "percent_statements_covered": 100.0, "percent_statements_covered_display": "100.00", "num_branches": 0, "num_partial_branches": 0, "covered_branches": 0, "missing_branches": 0, "percent_branches_covered": 100.0, "percent_branches_covered_display": "100.00"}, "missing_lines": [], "excluded_lines": [], "start_line": 25, "executed_branches": [], "missing_branches": []}, "": {"executed_lines": [], "summary": {"covered_lines": 0, "num_statements": 82, "percent_covered": 0.0, "percent_covered_display": "0.00", "missing_lines": 82, "excluded_lines": 0, "percent_statements_covered": 0.0, "percent_statements_covered_display": "0.00", "num_branches": 26, "num_partial_branches": 0, "covered_branches": 0, "missing_branches": 26, "percent_branches_covered": 0.0, "percent_branches_covered_display": "0.00"}, "missing_lines": [3, 5, 6, 7, 9, 12, 13, 14, 15, 18, 19, 20, 21, 24, 25, 26, 27, 28, 29, 30, 31, 32, 33, 34, 35, 36, 37, 38, 41, 42, 43, 44, 45, 46, 47, 50, 51, 52, 53, 54, 55, 56, 57, 58, 59, 60, 61, 62, 63, 67, 84, 85, 86, 87, 90, 93, 94, 95, 96, 97, 98, 99, 100, 101, 102, 103, 104, 105, 106, 108, 109, 110, 111, 112, 113, 114, 115, 116, 117, 118, 119, 120], "excluded_lines": [], "start_line": 1, "executed_branches": [], "missing_branches": [[43, 44], [43, 47], [55, 56], [55, 84], [56, 55], [56, 57], [60, 61], [60, 62], [95, 96], [95, 97], [99, 100], [99, 101], [102, 103], [102, 120], [103, 104], [103, 105], [105, 106], [105, 108], [110, 111], [110, 118], [111, 112], [111, 113], [115, 116], [115, 117], [118, 102], [118, 119]]}}}, "dq/validate/constants.py": {"executed_lines": [], "summary": {"covered_lines": 0, "num_statements": 3, "percent_covered": 0.0, "percent_covered_display": "0.00", "missing_lines": 3, "excluded_lines": 0, "percent_statements_covered": 0.0, "percent_statements_covered_display": "0.00", "num_branches": 0, "num_partial_branches": 0, "covered_branches": 0, "missing_branches": 0, "percent_branches_covered": 100.0, "percent_branches_covered_display": "100.00"}, "missing_lines": [3, 5, 17], "excluded_lines": [], "executed_branches": [], "missing_branches": [], "functions": {"": {"executed_lines": [], "summary": {"covered_lines": 0, "num_statements": 3, "percent_covered": 0.0, "percent_covered_display": "0.00", "missing_lines": 3, "excluded_lines": 0, "percent_statements_covered": 0.0, "percent_statements_covered_display": "0.00", "num_branches": 0, "num_partial_branches": 0, "covered_branches": 0, "missing_branches": 0, "percent_branches_covered": 100.0, "percent_branches_covered_display": "100.00"}, "missing_lines": [3, 5, 17], "excluded_lines": [], "start_line": 1, "executed_branches": [], "missing_branches": []}}, "classes": {"": {"executed_lines": [], "summary": {"covered_lines": 0, "num_statements": 3, "percent_covered": 0.0, "percent_covered_display": "0.00", "missing_lines": 3, "excluded_lines": 0, "percent_statements_covered": 0.0, "percent_statements_covered_display": "0.00", "num_branches": 0, "num_partial_branches": 0, "covered_branches": 0, "missing_branches": 0, "percent_branches_covered": 100.0, "percent_branches_covered_display": "100.00"}, "missing_lines": [3, 5, 17], "excluded_lines": [], "start_line": 1, "executed_branches": [], "missing_branches": []}}}, "dq/validate/ge.py": {"executed_lines": [], "summary": {"covered_lines": 0, "num_statements": 32, "percent_covered": 0.0, "percent_covered_display": "0.00", "missing_lines": 32, "excluded_lines": 0, "percent_statements_covered": 0.0, "percent_statements_covered_display": "0.00", "num_branches": 2, "num_partial_branches": 0, "covered_branches": 0, "missing_branches": 2, "percent_branches_covered": 0.0, "percent_branches_covered_display": "0.00"}, "missing_lines": [3, 5, 6, 7, 8, 10, 11, 12, 13, 14, 18, 19, 21, 22, 25, 26, 37, 40, 49, 50, 51, 58, 72, 78, 79, 87, 100, 108, 109, 110, 111, 112], "excluded_lines": [], "executed_branches": [], "missing_branches": [[50, 51], [50, 72]], "functions": {"build_expectation_suite": {"executed_lines": [], "summary": {"covered_lines": 0, "num_statements": 2, "percent_covered": 0.0, "percent_covered_display": "0.00", "missing_lines": 2, "excluded_lines": 0, "percent_statements_covered": 0.0, "percent_statements_covered_display": "0.00", "num_branches": 0, "num_partial_branches": 0, "covered_branches": 0, "missing_branches": 0, "percent_branches_covered": 100.0, "percent_branches_covered_display": "100.00"}, "missing_lines": [26, 37], "excluded_lines": [], "start_line": 25, "executed_branches": [], "missing_branches": []}, "build_validation_result": {"executed_lines": [], "summary": {"covered_lines": 0, "num_statements": 9, "percent_covered": 0.0, "percent_covered_display": "0.00", "missing_lines": 9, "excluded_lines": 0, "percent_statements_covered": 0.0, "percent_statements_covered_display": "0.00", "num_branches": 2, "num_partial_branches": 0, "covered_branches": 0, "missing_branches": 2, "percent_branches_covered": 0.0, "percent_branches_covered_display": "0.00"}, "missing_lines": [49, 50, 51, 58, 72, 78, 79, 87, 100], "excluded_lines": [], "start_line": 40, "executed_branches": [], "missing_branches": [[50, 51], [50, 72]]}, "write_json": {"executed_lines": [], "summary": {"covered_lines": 0, "num_statements": 4, "percent_covered": 0.0, "percent_covered_display": "0.00", "missing_lines": 4, "excluded_lines": 0, "percent_statements_covered": 0.0, "percent_statements_covered_display": "0.00", "num_branches": 0, "num_partial_branches": 0, "covered_branches": 0, "missing_branches": 0, "percent_branches_covered": 100.0, "percent_branches_covered_display": "100.00"}, "missing_lines": [109, 110, 111, 112], "excluded_lines": [], "start_line": 108, "executed_branches": [], "missing_branches": []}, "": {"executed_lines": [], "summary": {"covered_lines": 0, "num_statements": 17, "percent_covered": 0.0, "percent_covered_display": "0.00", "missing_lines": 17, "excluded_lines": 0, "percent_statements_covered": 0.0, "percent_statements_covered_display": "0.00", "num_branches": 0, "num_partial_branches": 0, "covered_branches": 0, "missing_branches": 0, "percent_branches_covered": 100.0, "percent_branches_covered_display": "100.00"}, "missing_lines": [3, 5, 6, 7, 8, 10, 11, 12, 13, 14, 18, 19, 21, 22, 25, 40, 108], "excluded_lines": [], "start_line": 1, "executed_branches": [], "missing_branches": []}}, "classes": {"": {"executed_lines": [], "summary": {"covered_lines": 0, "num_statements": 32, "percent_covered": 0.0, "percent_covered_display": "0.00", "missing_lines": 32, "excluded_lines": 0, "percent_statements_covered": 0.0, "percent_statements_covered_display": "0.00", "num_branches": 2, "num_partial_branches": 0, "covered_branches": 0, "missing_branches": 2, "percent_branches_covered": 0.0, "percent_branches_covered_display": "0.00"}, "missing_lines": [3, 5, 6, 7, 8, 10, 11, 12, 13, 14, 18, 19, 21, 22, 25, 26, 37, 40, 49, 50, 51, 58, 72, 78, 79, 87, 100, 108, 109, 110, 111, 112], "excluded_lines": [], "start_line": 1, "executed_branches": [], "missing_branches": [[50, 51], [50, 72]]}}}, "dq/validate/metadata.py": {"executed_lines": [], "summary": {"covered_lines": 0, "num_statements": 22, "percent_covered": 0.0, "percent_covered_display": "0.00", "missing_lines": 22, "excluded_lines": 0, "percent_statements_covered": 0.0, "percent_statements_covered_display": "0.00", "num_branches": 2, "num_partial_branches": 0, "covered_branches": 0, "missing_branches": 2, "percent_branches_covered": 0.0, "percent_branches_covered_display": "0.00"}, "missing_lines": [3, 5, 6, 8, 10, 13, 14, 15, 16, 17, 20, 21, 22, 23, 25, 36, 37, 38, 39, 51, 52, 56], "excluded_lines": [], "executed_branches": [], "missing_branches": [[36, 37], [36, 56]], "functions": {"collect_stage_metadata": {"executed_lines": [], "summary": {"covered_lines": 0, "num_statements": 11, "percent_covered": 0.0, "percent_covered_display": "0.00", "missing_lines": 11, "excluded_lines": 0, "percent_statements_covered": 0.0, "percent_statements_covered_display": "0.00", "num_branches": 2, "num_partial_branches": 0, "covered_branches": 0, "missing_branches": 2, "percent_branches_covered": 0.0, "percent_branches_covered_display": "0.00"}, "missing_lines": [21, 22, 23, 25, 36, 37, 38, 39, 51, 52, 56], "excluded_lines": [], "start_line": 20, "executed_branches": [], "missing_branches": [[36, 37], [36, 56]]}, "": {"executed_lines": [], "summary": {"covered_lines": 0, "num_statements": 11, "percent_covered": 0.0, "percent_covered_display": "0.00", "missing_lines": 11, "excluded_lines": 0, "percent_statements_covered": 0.0, "percent_statements_covered_display": "0.00", "num_branches": 0, "num_partial_branches": 0, "covered_branches": 0, "missing_branches": 0, "percent_branches_covered": 100.0, "percent_branches_covered_display": "100.00"}, "missing_lines": [3, 5, 6, 8, 10, 13, 14, 15, 16, 17, 20], "excluded_lines": [], "start_line": 1, "executed_branches": [], "missing_branches": []}}, "classes": {"StageMetadata": {"executed_lines": [], "summary": {"covered_lines": 0, "num_statements": 0, "percent_covered": 100.0, "percent_covered_display": "100.00", "missing_lines": 0, "excluded_lines": 0, "percent_statements_covered": 100.0, "percent_statements_covered_display": "100.00", "num_branches": 0, "num_partial_branches": 0, "covered_branches": 0, "missing_branches": 0, "percent_branches_covered": 100.0, "percent_branches_covered_display": "100.00"}, "missing_lines": [], "excluded_lines": [], "start_line": 14, "executed_branches": [], "missing_branches": []}, "": {"executed_lines": [], "summary": {"covered_lines": 0, "num_statements": 22, "percent_covered": 0.0, "percent_covered_display": "0.00", "missing_lines": 22, "excluded_lines": 0, "percent_statements_covered": 0.0, "percent_statements_covered_display": "0.00", "num_branches": 2, "num_partial_branches": 0, "covered_branches": 0, "missing_branches": 2, "percent_branches_covered": 0.0, "percent_branches_covered_display": "0.00"}, "missing_lines": [3, 5, 6, 8, 10, 13, 14, 15, 16, 17, 20, 21, 22, 23, 25, 36, 37, 38, 39, 51, 52, 56], "excluded_lines": [], "start_line": 1, "executed_branches": [], "missing_branches": [[36, 37], [36, 56]]}}}, "dq/validate/models.py": {"executed_lines": [], "summary": {"covered_lines": 0, "num_statements": 32, "percent_covered": 0.0, "percent_covered_display": "0.00", "missing_lines": 32, "excluded_lines": 0, "percent_statements_covered": 0.0, "percent_statements_covered_display": "0.00", "num_branches": 0, "num_partial_branches": 0, "covered_branches": 0, "missing_branches": 0, "percent_branches_covered": 100.0, "percent_branches_covered_display": "100.00"}, "missing_lines": [3, 5, 6, 7, 8, 10, 13, 14, 15, 16, 17, 18, 19, 20, 21, 22, 23, 24, 27, 28, 29, 30, 31, 32, 33, 34, 35, 36, 37, 38, 39, 40], "excluded_lines": [], "executed_branches": [], "missing_branches": [], "functions": {"": {"executed_lines": [], "summary": {"covered_lines": 0, "num_statements": 32, "percent_covered": 0.0, "percent_covered_display": "0.00", "missing_lines": 32, "excluded_lines": 0, "percent_statements_covered": 0.0, "percent_statements_covered_display": "0.00", "num_branches": 0, "num_partial_branches": 0, "covered_branches": 0, "missing_branches": 0, "percent_branches_covered": 100.0, "percent_branches_covered_display": "100.00"}, "missing_lines": [3, 5, 6, 7, 8, 10, 13, 14, 15, 16, 17, 18, 19, 20, 21, 22, 23, 24, 27, 28, 29, 30, 31, 32, 33, 34, 35, 36, 37, 38, 39, 40], "excluded_lines": [], "start_line": 1, "executed_branches": [], "missing_branches": []}}, "classes": {"CheckResult": {"executed_lines": [], "summary": {"covered_lines": 0, "num_statements": 0, "percent_covered": 100.0, "percent_covered_display": "100.00", "missing_lines": 0, "excluded_lines": 0, "percent_statements_covered": 100.0, "percent_statements_covered_display": "100.00", "num_branches": 0, "num_partial_branches": 0, "covered_branches": 0, "missing_branches": 0, "percent_branches_covered": 100.0, "percent_branches_covered_display": "100.00"}, "missing_lines": [], "excluded_lines": [], "start_line": 14, "executed_branches": [], "missing_branches": []}, "ValidationSummary": {"executed_lines": [], "summary": {"covered_lines": 0, "num_statements": 0, "percent_covered": 100.0, "percent_covered_display": "100.00", "missing_lines": 0, "excluded_lines": 0, "percent_statements_covered": 100.0, "percent_statements_covered_display": "100.00", "num_branches": 0, "num_partial_branches": 0, "covered_branches": 0, "missing_branches": 0, "percent_branches_covered": 100.0, "percent_branches_covered_display": "100.00"}, "missing_lines": [], "excluded_lines": [], "start_line": 28, "executed_branches": [], "missing_branches": []}, "": {"executed_lines": [], "summary": {"covered_lines": 0, "num_statements": 32, "percent_covered": 0.0, "percent_covered_display": "0.00", "missing_lines": 32, "excluded_lines": 0, "percent_statements_covered": 0.0, "percent_statements_covered_display": "0.00", "num_branches": 0, "num_partial_branches": 0, "covered_branches": 0, "missing_branches": 0, "percent_branches_covered": 100.0, "percent_branches_covered_display": "100.00"}, "missing_lines": [3, 5, 6, 7, 8, 10, 13, 14, 15, 16, 17, 18, 19, 20, 21, 22, 23, 24, 27, 28, 29, 30, 31, 32, 33, 34, 35, 36, 37, 38, 39, 40], "excluded_lines": [], "start_line": 1, "executed_branches": [], "missing_branches": []}}}, "dq/validate/output.py": {"executed_lines": [], "summary": {"covered_lines": 0, "num_statements": 25, "percent_covered": 0.0, "percent_covered_display": "0.00", "missing_lines": 25, "excluded_lines": 0, "percent_statements_covered": 0.0, "percent_statements_covered_display": "0.00", "num_branches": 6, "num_partial_branches": 0, "covered_branches": 0, "missing_branches": 6, "percent_branches_covered": 0.0, "percent_branches_covered_display": "0.00"}, "missing_lines": [3, 5, 6, 7, 9, 11, 13, 19, 22, 25, 26, 27, 50, 53, 56, 57, 73, 74, 75, 76, 83, 84, 85, 103, 106], "excluded_lines": [], "executed_branches": [], "missing_branches": [[26, 27], [26, 50], [73, 74], [73, 103], [74, 75], [74, 76]], "functions": {"build_check_results": {"executed_lines": [], "summary": {"covered_lines": 0, "num_statements": 4, "percent_covered": 0.0, "percent_covered_display": "0.00", "missing_lines": 4, "excluded_lines": 0, "percent_statements_covered": 0.0, "percent_statements_covered_display": "0.00", "num_branches": 2, "num_partial_branches": 0, "covered_branches": 0, "missing_branches": 2, "percent_branches_covered": 0.0, "percent_branches_covered_display": "0.00"}, "missing_lines": [25, 26, 27, 50], "excluded_lines": [], "start_line": 22, "executed_branches": [], "missing_branches": [[26, 27], [26, 50]]}, "build_issue_log": {"executed_lines": [], "summary": {"covered_lines": 0, "num_statements": 10, "percent_covered": 0.0, "percent_covered_display": "0.00", "missing_lines": 10, "excluded_lines": 0, "percent_statements_covered": 0.0, "percent_statements_covered_display": "0.00", "num_branches": 4, "num_partial_branches": 0, "covered_branches": 0, "missing_branches": 4, "percent_branches_covered": 0.0, "percent_branches_covered_display": "0.00"}, "missing_lines": [56, 57, 73, 74, 75, 76, 83, 84, 85, 103], "excluded_lines": [], "start_line": 53, "executed_branches": [], "missing_branches": [[73, 74], [73, 103], [74, 75], [74, 76]]}, "": {"executed_lines": [], "summary": {"covered_lines": 0, "num_statements": 11, "percent_covered": 0.0, "percent_covered_display": "0.00", "missing_lines": 11, "excluded_lines": 0, "percent_statements_covered": 0.0, "percent_statements_covered_display": "0.00", "num_branches": 0, "num_partial_branches": 0, "covered_branches": 0, "missing_branches": 0, "percent_branches_covered": 100.0, "percent_branches_covered_display": "100.00"}, "missing_lines": [3, 5, 6, 7, 9, 11, 13, 19, 22, 53, 106], "excluded_lines": [], "start_line": 1, "executed_branches": [], "missing_branches": []}}, "classes": {"": {"executed_lines": [], "summary": {"covered_lines": 0, "num_statements": 25, "percent_covered": 0.0, "percent_covered_display": "0.00", "missing_lines": 25, "excluded_lines": 0, "percent_statements_covered": 0.0, "percent_statements_covered_display": "0.00", "num_branches": 6, "num_partial_branches": 0, "covered_branches": 0, "missing_branches": 6, "percent_branches_covered": 0.0, "percent_branches_covered_display": "0.00"}, "missing_lines": [3, 5, 6, 7, 9, 11, 13, 19, 22, 25, 26, 27, 50, 53, 56, 57, 73, 74, 75, 76, 83, 84, 85, 103, 106], "excluded_lines": [], "start_line": 1, "executed_branches": [], "missing_branches": [[26, 27], [26, 50], [73, 74], [73, 103], [74, 75], [74, 76]]}}}, "dq/validate/output_persistence.py": {"executed_lines": [], "summary": {"covered_lines": 0, "num_statements": 35, "percent_covered": 0.0, "percent_covered_display": "0.00", "missing_lines": 35, "excluded_lines": 0, "percent_statements_covered": 0.0, "percent_statements_covered_display": "0.00", "num_branches": 2, "num_partial_branches": 0, "covered_branches": 0, "missing_branches": 2, "percent_branches_covered": 0.0, "percent_branches_covered_display": "0.00"}, "missing_lines": [3, 5, 6, 7, 9, 11, 12, 15, 16, 17, 18, 19, 20, 21, 24, 27, 31, 41, 44, 45, 48, 49, 50, 51, 52, 53, 56, 57, 58, 59, 60, 61, 62, 63, 64], "excluded_lines": [], "executed_branches": [], "missing_branches": [[60, 61], [60, 63]], "functions": {"persist_dataframe": {"executed_lines": [], "summary": {"covered_lines": 0, "num_statements": 6, "percent_covered": 0.0, "percent_covered_display": "0.00", "missing_lines": 6, "excluded_lines": 0, "percent_statements_covered": 0.0, "percent_statements_covered_display": "0.00", "num_branches": 0, "num_partial_branches": 0, "covered_branches": 0, "missing_branches": 0, "percent_branches_covered": 100.0, "percent_branches_covered_display": "100.00"}, "missing_lines": [16, 17, 18, 19, 20, 21], "excluded_lines": [], "start_line": 15, "executed_branches": [], "missing_branches": []}, "append_run_history": {"executed_lines": [], "summary": {"covered_lines": 0, "num_statements": 3, "percent_covered": 0.0, "percent_covered_display": "0.00", "missing_lines": 3, "excluded_lines": 0, "percent_statements_covered": 0.0, "percent_statements_covered_display": "0.00", "num_branches": 0, "num_partial_branches": 0, "covered_branches": 0, "missing_branches": 0, "percent_branches_covered": 100.0, "percent_branches_covered_display": "100.00"}, "missing_lines": [27, 31, 41], "excluded_lines": [], "start_line": 24, "executed_branches": [], "missing_branches": []}, "append_issue_history": {"executed_lines": [], "summary": {"covered_lines": 0, "num_statements": 1, "percent_covered": 0.0, "percent_covered_display": "0.00", "missing_lines": 1, "excluded_lines": 0, "percent_statements_covered": 0.0, "percent_statements_covered_display": "0.00", "num_branches": 0, "num_partial_branches": 0, "covered_branches": 0, "missing_branches": 0, "percent_branches_covered": 100.0, "percent_branches_covered_display": "100.00"}, "missing_lines": [45], "excluded_lines": [], "start_line": 44, "executed_branches": [], "missing_branches": []}, "persist_recurrence_summary": {"executed_lines": [], "summary": {"covered_lines": 0, "num_statements": 5, "percent_covered": 0.0, "percent_covered_display": "0.00", "missing_lines": 5, "excluded_lines": 0, "percent_statements_covered": 0.0, "percent_statements_covered_display": "0.00", "num_branches": 0, "num_partial_branches": 0, "covered_branches": 0, "missing_branches": 0, "percent_branches_covered": 100.0, "percent_branches_covered_display": "100.00"}, "missing_lines": [49, 50, 51, 52, 53], "excluded_lines": [], "start_line": 48, "executed_branches": [], "missing_branches": []}, "_append_history_table": {"executed_lines": [], "summary": {"covered_lines": 0, "num_statements": 8, "percent_covered": 0.0, "percent_covered_display": "0.00", "missing_lines": 8, "excluded_lines": 0, "percent_statements_covered": 0.0, "percent_statements_covered_display": "0.00", "num_branches": 2, "num_partial_branches": 0, "covered_branches": 0, "missing_branches": 2, "percent_branches_covered": 0.0, "percent_branches_covered_display": "0.00"}, "missing_lines": [57, 58, 59, 60, 61, 62, 63, 64], "excluded_lines": [], "start_line": 56, "executed_branches": [], "missing_branches": [[60, 61], [60, 63]]}, "": {"executed_lines": [], "summary": {"covered_lines": 0, "num_statements": 12, "percent_covered": 0.0, "percent_covered_display": "0.00", "missing_lines": 12, "excluded_lines": 0, "percent_statements_covered": 0.0, "percent_statements_covered_display": "0.00", "num_branches": 0, "num_partial_branches": 0, "covered_branches": 0, "missing_branches": 0, "percent_branches_covered": 100.0, "percent_branches_covered_display": "100.00"}, "missing_lines": [3, 5, 6, 7, 9, 11, 12, 15, 24, 44, 48, 56], "excluded_lines": [], "start_line": 1, "executed_branches": [], "missing_branches": []}}, "classes": {"": {"executed_lines": [], "summary": {"covered_lines": 0, "num_statements": 35, "percent_covered": 0.0, "percent_covered_display": "0.00", "missing_lines": 35, "excluded_lines": 0, "percent_statements_covered": 0.0, "percent_statements_covered_display": "0.00", "num_branches": 2, "num_partial_branches": 0, "covered_branches": 0, "missing_branches": 2, "percent_branches_covered": 0.0, "percent_branches_covered_display": "0.00"}, "missing_lines": [3, 5, 6, 7, 9, 11, 12, 15, 16, 17, 18, 19, 20, 21, 24, 27, 31, 41, 44, 45, 48, 49, 50, 51, 52, 53, 56, 57, 58, 59, 60, 61, 62, 63, 64], "excluded_lines": [], "start_line": 1, "executed_branches": [], "missing_branches": [[60, 61], [60, 63]]}}}, "dq/validate/output_recurrence.py": {"executed_lines": [], "summary": {"covered_lines": 0, "num_statements": 19, "percent_covered": 0.0, "percent_covered_display": "0.00", "missing_lines": 19, "excluded_lines": 0, "percent_statements_covered": 0.0, "percent_statements_covered_display": "0.00", "num_branches": 4, "num_partial_branches": 0, "covered_branches": 0, "missing_branches": 4, "percent_branches_covered": 0.0, "percent_branches_covered_display": "0.00"}, "missing_lines": [3, 5, 7, 10, 11, 12, 13, 14, 15, 16, 17, 18, 19, 31, 34, 44, 47, 48, 58], "excluded_lines": [], "executed_branches": [], "missing_branches": [[12, 13], [12, 14], [15, 16], [15, 17]], "functions": {"compute_recurrence_metrics": {"executed_lines": [], "summary": {"covered_lines": 0, "num_statements": 12, "percent_covered": 0.0, "percent_covered_display": "0.00", "missing_lines": 12, "excluded_lines": 0, "percent_statements_covered": 0.0, "percent_statements_covered_display": "0.00", "num_branches": 4, "num_partial_branches": 0, "covered_branches": 0, "missing_branches": 4, "percent_branches_covered": 0.0, "percent_branches_covered_display": "0.00"}, "missing_lines": [11, 12, 13, 14, 15, 16, 17, 18, 19, 31, 34, 44], "excluded_lines": [], "start_line": 10, "executed_branches": [], "missing_branches": [[12, 13], [12, 14], [15, 16], [15, 17]]}, "_empty_recurrence_df": {"executed_lines": [], "summary": {"covered_lines": 0, "num_statements": 2, "percent_covered": 0.0, "percent_covered_display": "0.00", "missing_lines": 2, "excluded_lines": 0, "percent_statements_covered": 0.0, "percent_statements_covered_display": "0.00", "num_branches": 0, "num_partial_branches": 0, "covered_branches": 0, "missing_branches": 0, "percent_branches_covered": 100.0, "percent_branches_covered_display": "100.00"}, "missing_lines": [48, 58], "excluded_lines": [], "start_line": 47, "executed_branches": [], "missing_branches": []}, "": {"executed_lines": [], "summary": {"covered_lines": 0, "num_statements": 5, "percent_covered": 0.0, "percent_covered_display": "0.00", "missing_lines": 5, "excluded_lines": 0, "percent_statements_covered": 0.0, "percent_statements_covered_display": "0.00", "num_branches": 0, "num_partial_branches": 0, "covered_branches": 0, "missing_branches": 0, "percent_branches_covered": 100.0, "percent_branches_covered_display": "100.00"}, "missing_lines": [3, 5, 7, 10, 47], "excluded_lines": [], "start_line": 1, "executed_branches": [], "missing_branches": []}}, "classes": {"": {"executed_lines": [], "summary": {"covered_lines": 0, "num_statements": 19, "percent_covered": 0.0, "percent_covered_display": "0.00", "missing_lines": 19, "excluded_lines": 0, "percent_statements_covered": 0.0, "percent_statements_covered_display": "0.00", "num_branches": 4, "num_partial_branches": 0, "covered_branches": 0, "missing_branches": 4, "percent_branches_covered": 0.0, "percent_branches_covered_display": "0.00"}, "missing_lines": [3, 5, 7, 10, 11, 12, 13, 14, 15, 16, 17, 18, 19, 31, 34, 44, 47, 48, 58], "excluded_lines": [], "start_line": 1, "executed_branches": [], "missing_branches": [[12, 13], [12, 14], [15, 16], [15, 17]]}}}, "dq/validate/paths.py": {"executed_lines": [], "summary": {"covered_lines": 0, "num_statements": 5, "percent_covered": 0.0, "percent_covered_display": "0.00", "missing_lines": 5, "excluded_lines": 0, "percent_statements_covered": 0.0, "percent_statements_covered_display": "0.00", "num_branches": 0, "num_partial_branches": 0, "covered_branches": 0, "missing_branches": 0, "percent_branches_covered": 100.0, "percent_branches_covered_display": "100.00"}, "missing_lines": [3, 5, 8, 9, 10], "excluded_lines": [], "executed_branches": [], "missing_branches": [], "functions": {"": {"executed_lines": [], "summary": {"covered_lines": 0, "num_statements": 5, "percent_covered": 0.0, "percent_covered_display": "0.00", "missing_lines": 5, "excluded_lines": 0, "percent_statements_covered": 0.0, "percent_statements_covered_display": "0.00", "num_branches": 0, "num_partial_branches": 0, "covered_branches": 0, "missing_branches": 0, "percent_branches_covered": 100.0, "percent_branches_covered_display": "100.00"}, "missing_lines": [3, 5, 8, 9, 10], "excluded_lines": [], "start_line": 1, "executed_branches": [], "missing_branches": []}}, "classes": {"": {"executed_lines": [], "summary": {"covered_lines": 0, "num_statements": 5, "percent_covered": 0.0, "percent_covered_display": "0.00", "missing_lines": 5, "excluded_lines": 0, "percent_statements_covered": 0.0, "percent_statements_covered_display": "0.00", "num_branches": 0, "num_partial_branches": 0, "covered_branches": 0, "missing_branches": 0, "percent_branches_covered": 100.0, "percent_branches_covered_display": "100.00"}, "missing_lines": [3, 5, 8, 9, 10], "excluded_lines": [], "start_line": 1, "executed_branches": [], "missing_branches": []}}}, "dq/validate/penalty_utils.py": {"executed_lines": [], "summary": {"covered_lines": 0, "num_statements": 13, "percent_covered": 0.0, "percent_covered_display": "0.00", "missing_lines": 13, "excluded_lines": 0, "percent_statements_covered": 0.0, "percent_statements_covered_display": "0.00", "num_branches": 4, "num_partial_branches": 0, "covered_branches": 0, "missing_branches": 4, "percent_branches_covered": 0.0, "percent_branches_covered_display": "0.00"}, "missing_lines": [3, 5, 8, 9, 10, 11, 13, 14, 15, 16, 17, 18, 19], "excluded_lines": [], "executed_branches": [], "missing_branches": [[15, 16], [15, 17], [17, 18], [17, 19]], "functions": {"PenaltyMixin._compute_penalty": {"executed_lines": [], "summary": {"covered_lines": 0, "num_statements": 1, "percent_covered": 0.0, "percent_covered_display": "0.00", "missing_lines": 1, "excluded_lines": 0, "percent_statements_covered": 0.0, "percent_statements_covered_display": "0.00", "num_branches": 0, "num_partial_branches": 0, "covered_branches": 0, "missing_branches": 0, "percent_branches_covered": 100.0, "percent_branches_covered_display": "100.00"}, "missing_lines": [11], "excluded_lines": [], "start_line": 10, "executed_branches": [], "missing_branches": []}, "PenaltyMixin._determine_status": {"executed_lines": [], "summary": {"covered_lines": 0, "num_statements": 5, "percent_covered": 0.0, "percent_covered_display": "0.00", "missing_lines": 5, "excluded_lines": 0, "percent_statements_covered": 0.0, "percent_statements_covered_display": "0.00", "num_branches": 4, "num_partial_branches": 0, "covered_branches": 0, "missing_branches": 4, "percent_branches_covered": 0.0, "percent_branches_covered_display": "0.00"}, "missing_lines": [15, 16, 17, 18, 19], "excluded_lines": [], "start_line": 14, "executed_branches": [], "missing_branches": [[15, 16], [15, 17], [17, 18], [17, 19]]}, "": {"executed_lines": [], "summary": {"covered_lines": 0, "num_statements": 7, "percent_covered": 0.0, "percent_covered_display": "0.00", "missing_lines": 7, "excluded_lines": 0, "percent_statements_covered": 0.0, "percent_statements_covered_display": "0.00", "num_branches": 0, "num_partial_branches": 0, "covered_branches": 0, "missing_branches": 0, "percent_branches_covered": 100.0, "percent_branches_covered_display": "100.00"}, "missing_lines": [3, 5, 8, 9, 10, 13, 14], "excluded_lines": [], "start_line": 1, "executed_branches": [], "missing_branches": []}}, "classes": {"PenaltyMixin": {"executed_lines": [], "summary": {"covered_lines": 0, "num_statements": 6, "percent_covered": 0.0, "percent_covered_display": "0.00", "missing_lines": 6, "excluded_lines": 0, "percent_statements_covered": 0.0, "percent_statements_covered_display": "0.00", "num_branches": 4, "num_partial_branches": 0, "covered_branches": 0, "missing_branches": 4, "percent_branches_covered": 0.0, "percent_branches_covered_display": "0.00"}, "missing_lines": [11, 15, 16, 17, 18, 19], "excluded_lines": [], "start_line": 8, "executed_branches": [], "missing_branches": [[15, 16], [15, 17], [17, 18], [17, 19]]}, "": {"executed_lines": [], "summary": {"covered_lines": 0, "num_statements": 7, "percent_covered": 0.0, "percent_covered_display": "0.00", "missing_lines": 7, "excluded_lines": 0, "percent_statements_covered": 0.0, "percent_statements_covered_display": "0.00", "num_branches": 0, "num_partial_branches": 0, "covered_branches": 0, "missing_branches": 0, "percent_branches_covered": 100.0, "percent_branches_covered_display": "100.00"}, "missing_lines": [3, 5, 8, 9, 10, 13, 14], "excluded_lines": [], "start_line": 1, "executed_branches": [], "missing_branches": []}}}, "dq/validate/query_utils.py": {"executed_lines": [], "summary": {"covered_lines": 0, "num_statements": 25, "percent_covered": 0.0, "percent_covered_display": "0.00", "missing_lines": 25, "excluded_lines": 0, "percent_statements_covered": 0.0, "percent_statements_covered_display": "0.00", "num_branches": 0, "num_partial_branches": 0, "covered_branches": 0, "missing_branches": 0, "percent_branches_covered": 100.0, "percent_branches_covered_display": "100.00"}, "missing_lines": [3, 5, 7, 9, 10, 11, 12, 15, 16, 19, 20, 22, 25, 26, 27, 28, 29, 42, 43, 44, 46, 47, 50, 51, 52], "excluded_lines": [], "executed_branches": [], "missing_branches": [], "functions": {"QueryExecutorMixin._execute_condition": {"executed_lines": [], "summary": {"covered_lines": 0, "num_statements": 2, "percent_covered": 0.0, "percent_covered_display": "0.00", "missing_lines": 2, "excluded_lines": 0, "percent_statements_covered": 0.0, "percent_statements_covered_display": "0.00", "num_branches": 0, "num_partial_branches": 0, "covered_branches": 0, "missing_branches": 0, "percent_branches_covered": 100.0, "percent_branches_covered_display": "100.00"}, "missing_lines": [19, 20], "excluded_lines": [], "start_line": 16, "executed_branches": [], "missing_branches": []}, "QueryExecutorMixin._execute_query_result": {"executed_lines": [], "summary": {"covered_lines": 0, "num_statements": 5, "percent_covered": 0.0, "percent_covered_display": "0.00", "missing_lines": 5, "excluded_lines": 0, "percent_statements_covered": 0.0, "percent_statements_covered_display": "0.00", "num_branches": 0, "num_partial_branches": 0, "covered_branches": 0, "missing_branches": 0, "percent_branches_covered": 100.0, "percent_branches_covered_display": "100.00"}, "missing_lines": [25, 26, 27, 28, 29], "excluded_lines": [], "start_line": 22, "executed_branches": [], "missing_branches": []}, "QueryExecutorMixin._count_matches": {"executed_lines": [], "summary": {"covered_lines": 0, "num_statements": 1, "percent_covered": 0.0, "percent_covered_display": "0.00", "missing_lines": 1, "excluded_lines": 0, "percent_statements_covered": 0.0, "percent_statements_covered_display": "0.00", "num_branches": 0, "num_partial_branches": 0, "covered_branches": 0, "missing_branches": 0, "percent_branches_covered": 100.0, "percent_branches_covered_display": "100.00"}, "missing_lines": [44], "excluded_lines": [], "start_line": 43, "executed_branches": [], "missing_branches": []}, "QueryExecutorMixin._fetch_samples": {"executed_lines": [], "summary": {"covered_lines": 0, "num_statements": 3, "percent_covered": 0.0, "percent_covered_display": "0.00", "missing_lines": 3, "excluded_lines": 0, "percent_statements_covered": 0.0, "percent_statements_covered_display": "0.00", "num_branches": 0, "num_partial_branches": 0, "covered_branches": 0, "missing_branches": 0, "percent_branches_covered": 100.0, "percent_branches_covered_display": "100.00"}, "missing_lines": [50, 51, 52], "excluded_lines": [], "start_line": 47, "executed_branches": [], "missing_branches": []}, "": {"executed_lines": [], "summary": {"covered_lines": 0, "num_statements": 14, "percent_covered": 0.0, "percent_covered_display": "0.00", "missing_lines": 14, "excluded_lines": 0, "percent_statements_covered": 0.0, "percent_statements_covered_display": "0.00", "num_branches": 0, "num_partial_branches": 0, "covered_branches": 0, "missing_branches": 0, "percent_branches_covered": 100.0, "percent_branches_covered_display": "100.00"}, "missing_lines": [3, 5, 7, 9, 10, 11, 12, 15, 16, 22, 42, 43, 46, 47], "excluded_lines": [], "start_line": 1, "executed_branches": [], "missing_branches": []}}, "classes": {"QueryExecutorMixin": {"executed_lines": [], "summary": {"covered_lines": 0, "num_statements": 11, "percent_covered": 0.0, "percent_covered_display": "0.00", "missing_lines": 11, "excluded_lines": 0, "percent_statements_covered": 0.0, "percent_statements_covered_display": "0.00", "num_branches": 0, "num_partial_branches": 0, "covered_branches": 0, "missing_branches": 0, "percent_branches_covered": 100.0, "percent_branches_covered_display": "100.00"}, "missing_lines": [19, 20, 25, 26, 27, 28, 29, 44, 50, 51, 52], "excluded_lines": [], "start_line": 15, "executed_branches": [], "missing_branches": []}, "": {"executed_lines": [], "summary": {"covered_lines": 0, "num_statements": 14, "percent_covered": 0.0, "percent_covered_display": "0.00", "missing_lines": 14, "excluded_lines": 0, "percent_statements_covered": 0.0, "percent_statements_covered_display": "0.00", "num_branches": 0, "num_partial_branches": 0, "covered_branches": 0, "missing_branches": 0, "percent_branches_covered": 100.0, "percent_branches_covered_display": "100.00"}, "missing_lines": [3, 5, 7, 9, 10, 11, 12, 15, 16, 22, 42, 43, 46, 47], "excluded_lines": [], "start_line": 1, "executed_branches": [], "missing_branches": []}}}, "dq/validate/rule_executor.py": {"executed_lines": [], "summary": {"covered_lines": 0, "num_statements": 95, "percent_covered": 0.0, "percent_covered_display": "0.00", "missing_lines": 95, "excluded_lines": 0, "percent_statements_covered": 0.0, "percent_statements_covered_display": "0.00", "num_branches": 16, "num_partial_branches": 0, "covered_branches": 0, "missing_branches": 16, "percent_branches_covered": 0.0, "percent_branches_covered_display": "0.00"}, "missing_lines": [3, 5, 6, 8, 10, 11, 12, 13, 14, 15, 16, 17, 20, 23, 24, 25, 26, 28, 31, 42, 43, 44, 46, 49, 50, 51, 52, 54, 57, 58, 59, 60, 63, 65, 68, 69, 70, 71, 72, 73, 74, 75, 76, 77, 80, 82, 85, 86, 87, 88, 89, 90, 91, 92, 93, 94, 95, 96, 97, 101, 102, 103, 104, 107, 108, 121, 124, 125, 126, 130, 131, 133, 136, 137, 138, 139, 142, 144, 147, 148, 149, 161, 163, 166, 167, 168, 169, 177, 179, 182, 183, 184, 185, 186, 194], "excluded_lines": [], "executed_branches": [], "missing_branches": [[42, 43], [42, 44], [73, 74], [73, 75], [75, 76], [75, 77], [88, 89], [88, 92], [89, 88], [89, 90], [90, 89], [90, 91], [95, 96], [95, 107], [103, 95], [103, 104]], "functions": {"RuleEvaluator.__init__": {"executed_lines": [], "summary": {"covered_lines": 0, "num_statements": 3, "percent_covered": 0.0, "percent_covered_display": "0.00", "missing_lines": 3, "excluded_lines": 0, "percent_statements_covered": 0.0, "percent_statements_covered_display": "0.00", "num_branches": 0, "num_partial_branches": 0, "covered_branches": 0, "missing_branches": 0, "percent_branches_covered": 100.0, "percent_branches_covered_display": "100.00"}, "missing_lines": [24, 25, 26], "excluded_lines": [], "start_line": 23, "executed_branches": [], "missing_branches": []}, "RuleEvaluator.evaluate": {"executed_lines": [], "summary": {"covered_lines": 0, "num_statements": 4, "percent_covered": 0.0, "percent_covered_display": "0.00", "missing_lines": 4, "excluded_lines": 0, "percent_statements_covered": 0.0, "percent_statements_covered_display": "0.00", "num_branches": 2, "num_partial_branches": 0, "covered_branches": 0, "missing_branches": 2, "percent_branches_covered": 0.0, "percent_branches_covered_display": "0.00"}, "missing_lines": [31, 42, 43, 44], "excluded_lines": [], "start_line": 28, "executed_branches": [], "missing_branches": [[42, 43], [42, 44]]}, "RuleEvaluator._handle_null_percentage": {"executed_lines": [], "summary": {"covered_lines": 0, "num_statements": 4, "percent_covered": 0.0, "percent_covered_display": "0.00", "missing_lines": 4, "excluded_lines": 0, "percent_statements_covered": 0.0, "percent_statements_covered_display": "0.00", "num_branches": 0, "num_partial_branches": 0, "covered_branches": 0, "missing_branches": 0, "percent_branches_covered": 100.0, "percent_branches_covered_display": "100.00"}, "missing_lines": [49, 50, 51, 52], "excluded_lines": [], "start_line": 46, "executed_branches": [], "missing_branches": []}, "RuleEvaluator._handle_pattern": {"executed_lines": [], "summary": {"covered_lines": 0, "num_statements": 5, "percent_covered": 0.0, "percent_covered_display": "0.00", "missing_lines": 5, "excluded_lines": 0, "percent_statements_covered": 0.0, "percent_statements_covered_display": "0.00", "num_branches": 0, "num_partial_branches": 0, "covered_branches": 0, "missing_branches": 0, "percent_branches_covered": 100.0, "percent_branches_covered_display": "100.00"}, "missing_lines": [57, 58, 59, 60, 63], "excluded_lines": [], "start_line": 54, "executed_branches": [], "missing_branches": []}, "RuleEvaluator._handle_date_range": {"executed_lines": [], "summary": {"covered_lines": 0, "num_statements": 11, "percent_covered": 0.0, "percent_covered_display": "0.00", "missing_lines": 11, "excluded_lines": 0, "percent_statements_covered": 0.0, "percent_statements_covered_display": "0.00", "num_branches": 4, "num_partial_branches": 0, "covered_branches": 0, "missing_branches": 4, "percent_branches_covered": 0.0, "percent_branches_covered_display": "0.00"}, "missing_lines": [68, 69, 70, 71, 72, 73, 74, 75, 76, 77, 80], "excluded_lines": [], "start_line": 65, "executed_branches": [], "missing_branches": [[73, 74], [73, 75], [75, 76], [75, 77]]}, "RuleEvaluator._handle_non_negative_counts": {"executed_lines": [], "summary": {"covered_lines": 0, "num_statements": 19, "percent_covered": 0.0, "percent_covered_display": "0.00", "missing_lines": 19, "excluded_lines": 0, "percent_statements_covered": 0.0, "percent_statements_covered_display": "0.00", "num_branches": 10, "num_partial_branches": 0, "covered_branches": 0, "missing_branches": 10, "percent_branches_covered": 0.0, "percent_branches_covered_display": "0.00"}, "missing_lines": [85, 86, 87, 88, 89, 90, 91, 92, 93, 94, 95, 96, 97, 101, 102, 103, 104, 107, 108], "excluded_lines": [], "start_line": 82, "executed_branches": [], "missing_branches": [[88, 89], [88, 92], [89, 88], [89, 90], [90, 89], [90, 91], [95, 96], [95, 107], [103, 95], [103, 104]]}, "RuleEvaluator._handle_timestamp_order": {"executed_lines": [], "summary": {"covered_lines": 0, "num_statements": 5, "percent_covered": 0.0, "percent_covered_display": "0.00", "missing_lines": 5, "excluded_lines": 0, "percent_statements_covered": 0.0, "percent_statements_covered_display": "0.00", "num_branches": 0, "num_partial_branches": 0, "covered_branches": 0, "missing_branches": 0, "percent_branches_covered": 100.0, "percent_branches_covered_display": "100.00"}, "missing_lines": [124, 125, 126, 130, 131], "excluded_lines": [], "start_line": 121, "executed_branches": [], "missing_branches": []}, "RuleEvaluator._handle_enum": {"executed_lines": [], "summary": {"covered_lines": 0, "num_statements": 5, "percent_covered": 0.0, "percent_covered_display": "0.00", "missing_lines": 5, "excluded_lines": 0, "percent_statements_covered": 0.0, "percent_statements_covered_display": "0.00", "num_branches": 0, "num_partial_branches": 0, "covered_branches": 0, "missing_branches": 0, "percent_branches_covered": 100.0, "percent_branches_covered_display": "100.00"}, "missing_lines": [136, 137, 138, 139, 142], "excluded_lines": [], "start_line": 133, "executed_branches": [], "missing_branches": []}, "RuleEvaluator._handle_unique_mapping": {"executed_lines": [], "summary": {"covered_lines": 0, "num_statements": 4, "percent_covered": 0.0, "percent_covered_display": "0.00", "missing_lines": 4, "excluded_lines": 0, "percent_statements_covered": 0.0, "percent_statements_covered_display": "0.00", "num_branches": 0, "num_partial_branches": 0, "covered_branches": 0, "missing_branches": 0, "percent_branches_covered": 100.0, "percent_branches_covered_display": "100.00"}, "missing_lines": [147, 148, 149, 161], "excluded_lines": [], "start_line": 144, "executed_branches": [], "missing_branches": []}, "RuleEvaluator._handle_duplicate_percentage": {"executed_lines": [], "summary": {"covered_lines": 0, "num_statements": 5, "percent_covered": 0.0, "percent_covered_d
[...]
partial_branches": 0, "covered_branches": 0, "missing_branches": 2, "percent_branches_covered": 0.0, "percent_branches_covered_display": "0.00"}, "missing_lines": [90, 91, 92, 93], "excluded_lines": [], "start_line": 89, "executed_branches": [], "missing_branches": [[90, 91], [90, 92]]}, "": {"executed_lines": [], "summary": {"covered_lines": 0, "num_statements": 13, "percent_covered": 0.0, "percent_covered_display": "0.00", "missing_lines": 13, "excluded_lines": 2, "percent_statements_covered": 0.0, "percent_statements_covered_display": "0.00", "num_branches": 0, "num_partial_branches": 0, "covered_branches": 0, "missing_branches": 0, "percent_branches_covered": 100.0, "percent_branches_covered_display": "100.00"}, "missing_lines": [4, 6, 7, 8, 9, 10, 12, 13, 16, 28, 52, 72, 89], "excluded_lines": [96, 97], "start_line": 1, "executed_branches": [], "missing_branches": []}}, "classes": {"": {"executed_lines": [], "summary": {"covered_lines": 0, "num_statements": 59, "percent_covered": 0.0, "percent_covered_display": "0.00", "missing_lines": 59, "excluded_lines": 2, "percent_statements_covered": 0.0, "percent_statements_covered_display": "0.00", "num_branches": 18, "num_partial_branches": 0, "covered_branches": 0, "missing_branches": 18, "percent_branches_covered": 0.0, "percent_branches_covered_display": "0.00"}, "missing_lines": [4, 6, 7, 8, 9, 10, 12, 13, 16, 17, 18, 19, 21, 22, 23, 24, 25, 28, 29, 30, 31, 32, 33, 34, 37, 52, 53, 54, 55, 56, 57, 58, 59, 60, 61, 62, 63, 64, 69, 72, 73, 74, 75, 76, 77, 78, 79, 80, 81, 82, 83, 84, 85, 86, 89, 90, 91, 92, 93], "excluded_lines": [96, 97], "start_line": 1, "executed_branches": [], "missing_branches": [[53, 54], [53, 55], [59, 60], [59, 61], [62, 63], [62, 64], [73, 74], [73, 75], [79, 80], [79, 81], [81, 82], [81, 86], [82, 83], [82, 86], [84, 82], [84, 85], [90, 91], [90, 92]]}}}, "scripts/validate_runner.py": {"executed_lines": [], "summary": {"covered_lines": 0, "num_statements": 34, "percent_covered": 0.0, "percent_covered_display": "0.00", "missing_lines": 34, "excluded_lines": 7, "percent_statements_covered": 0.0, "percent_statements_covered_display": "0.00", "num_branches": 2, "num_partial_branches": 0, "covered_branches": 0, "missing_branches": 2, "percent_branches_covered": 0.0, "percent_branches_covered_display": "0.00"}, "missing_lines": [4, 6, 7, 8, 9, 11, 12, 13, 15, 16, 19, 20, 21, 23, 26, 27, 30, 31, 32, 37, 38, 43, 45, 46, 49, 50, 51, 53, 54, 57, 58, 61, 62, 64], "excluded_lines": [22, 47, 52, 55, 59, 70, 71], "executed_branches": [], "missing_branches": [[12, 13], [12, 15]], "functions": {"load_run_metadata": {"executed_lines": [], "summary": {"covered_lines": 0, "num_statements": 3, "percent_covered": 0.0, "percent_covered_display": "0.00", "missing_lines": 3, "excluded_lines": 1, "percent_statements_covered": 0.0, "percent_statements_covered_display": "0.00", "num_branches": 0, "num_partial_branches": 0, "covered_branches": 0, "missing_branches": 0, "percent_branches_covered": 100.0, "percent_branches_covered_display": "100.00"}, "missing_lines": [20, 21, 23], "excluded_lines": [22], "start_line": 19, "executed_branches": [], "missing_branches": []}, "main": {"executed_lines": [], "summary": {"covered_lines": 0, "num_statements": 19, "percent_covered": 0.0, "percent_covered_display": "0.00", "missing_lines": 19, "excluded_lines": 4, "percent_statements_covered": 0.0, "percent_statements_covered_display": "0.00", "num_branches": 0, "num_partial_branches": 0, "covered_branches": 0, "missing_branches": 0, "percent_branches_covered": 100.0, "percent_branches_covered_display": "100.00"}, "missing_lines": [27, 30, 31, 32, 37, 38, 43, 45, 46, 49, 50, 51, 53, 54, 57, 58, 61, 62, 64], "excluded_lines": [47, 52, 55, 59], "start_line": 26, "executed_branches": [], "missing_branches": []}, "": {"executed_lines": [], "summary": {"covered_lines": 0, "num_statements": 12, "percent_covered": 0.0, "percent_covered_display": "0.00", "missing_lines": 12, "excluded_lines": 2, "percent_statements_covered": 0.0, "percent_statements_covered_display": "0.00", "num_branches": 2, "num_partial_branches": 0, "covered_branches": 0, "missing_branches": 2, "percent_branches_covered": 0.0, "percent_branches_covered_display": "0.00"}, "missing_lines": [4, 6, 7, 8, 9, 11, 12, 13, 15, 16, 19, 26], "excluded_lines": [70, 71], "start_line": 1, "executed_branches": [], "missing_branches": [[12, 13], [12, 15]]}}, "classes": {"": {"executed_lines": [], "summary": {"covered_lines": 0, "num_statements": 34, "percent_covered": 0.0, "percent_covered_display": "0.00", "missing_lines": 34, "excluded_lines": 7, "percent_statements_covered": 0.0, "percent_statements_covered_display": "0.00", "num_branches": 2, "num_partial_branches": 0, "covered_branches": 0, "missing_branches": 2, "percent_branches_covered": 0.0, "percent_branches_covered_display": "0.00"}, "missing_lines": [4, 6, 7, 8, 9, 11, 12, 13, 15, 16, 19, 20, 21, 23, 26, 27, 30, 31, 32, 37, 38, 43, 45, 46, 49, 50, 51, 53, 54, 57, 58, 61, 62, 64], "excluded_lines": [22, 47, 52, 55, 59, 70, 71], "start_line": 1, "executed_branches": [], "missing_branches": [[12, 13], [12, 15]]}}}, "tools/generate_synthetic.py": {"executed_lines": [], "summary": {"covered_lines": 0, "num_statements": 12, "percent_covered": 0.0, "percent_covered_display": "0.00", "missing_lines": 12, "excluded_lines": 2, "percent_statements_covered": 0.0, "percent_statements_covered_display": "0.00", "num_branches": 0, "num_partial_branches": 0, "covered_branches": 0, "missing_branches": 0, "percent_branches_covered": 100.0, "percent_branches_covered_display": "100.00"}, "missing_lines": [4, 6, 7, 8, 9, 12, 13, 16, 19, 20, 21, 22], "excluded_lines": [25, 26], "executed_branches": [], "missing_branches": [], "functions": {"main": {"executed_lines": [], "summary": {"covered_lines": 0, "num_statements": 6, "percent_covered": 0.0, "percent_covered_display": "0.00", "missing_lines": 6, "excluded_lines": 0, "percent_statements_covered": 0.0, "percent_statements_covered_display": "0.00", "num_branches": 0, "num_partial_branches": 0, "covered_branches": 0, "missing_branches": 0, "percent_branches_covered": 100.0, "percent_branches_covered_display": "100.00"}, "missing_lines": [13, 16, 19, 20, 21, 22], "excluded_lines": [], "start_line": 12, "executed_branches": [], "missing_branches": []}, "": {"executed_lines": [], "summary": {"covered_lines": 0, "num_statements": 6, "percent_covered": 0.0, "percent_covered_display": "0.00", "missing_lines": 6, "excluded_lines": 2, "percent_statements_covered": 0.0, "percent_statements_covered_display": "0.00", "num_branches": 0, "num_partial_branches": 0, "covered_branches": 0, "missing_branches": 0, "percent_branches_covered": 100.0, "percent_branches_covered_display": "100.00"}, "missing_lines": [4, 6, 7, 8, 9, 12], "excluded_lines": [25, 26], "start_line": 1, "executed_branches": [], "missing_branches": []}}, "classes": {"": {"executed_lines": [], "summary": {"covered_lines": 0, "num_statements": 12, "percent_covered": 0.0, "percent_covered_display": "0.00", "missing_lines": 12, "excluded_lines": 2, "percent_statements_covered": 0.0, "percent_statements_covered_display": "0.00", "num_branches": 0, "num_partial_branches": 0, "covered_branches": 0, "missing_branches": 0, "percent_branches_covered": 100.0, "percent_branches_covered_display": "100.00"}, "missing_lines": [4, 6, 7, 8, 9, 12, 13, 16, 19, 20, 21, 22], "excluded_lines": [25, 26], "start_line": 1, "executed_branches": [], "missing_branches": []}}}, "tools/synthetic_builder.py": {"executed_lines": [], "summary": {"covered_lines": 0, "num_statements": 44, "percent_covered": 0.0, "percent_covered_display": "0.00", "missing_lines": 44, "excluded_lines": 0, "percent_statements_covered": 0.0, "percent_statements_covered_display": "0.00", "num_branches": 6, "num_partial_branches": 0, "covered_branches": 0, "missing_branches": 6, "percent_branches_covered": 0.0, "percent_branches_covered_display": "0.00"}, "missing_lines": [3, 4, 6, 8, 9, 16, 17, 26, 27, 30, 31, 32, 35, 36, 37, 38, 39, 42, 43, 51, 54, 57, 63, 64, 65, 66, 67, 68, 69, 79, 82, 83, 84, 85, 86, 94, 97, 103, 104, 105, 106, 118, 121, 122], "excluded_lines": [], "executed_branches": [], "missing_branches": [[64, 65], [64, 79], [84, 85], [84, 94], [104, 105], [104, 118]], "functions": {"dataset_offset": {"executed_lines": [], "summary": {"covered_lines": 0, "num_statements": 1, "percent_covered": 0.0, "percent_covered_display": "0.00", "missing_lines": 1, "excluded_lines": 0, "percent_statements_covered": 0.0, "percent_statements_covered_display": "0.00", "num_branches": 0, "num_partial_branches": 0, "covered_branches": 0, "missing_branches": 0, "percent_branches_covered": 100.0, "percent_branches_covered_display": "100.00"}, "missing_lines": [27], "excluded_lines": [], "start_line": 26, "executed_branches": [], "missing_branches": []}, "stable_id": {"executed_lines": [], "summary": {"covered_lines": 0, "num_statements": 2, "percent_covered": 0.0, "percent_covered_display": "0.00", "missing_lines": 2, "excluded_lines": 0, "percent_statements_covered": 0.0, "percent_statements_covered_display": "0.00", "num_branches": 0, "num_partial_branches": 0, "covered_branches": 0, "missing_branches": 0, "percent_branches_covered": 100.0, "percent_branches_covered_display": "100.00"}, "missing_lines": [31, 32], "excluded_lines": [], "start_line": 30, "executed_branches": [], "missing_branches": []}, "shuffle_rows": {"executed_lines": [], "summary": {"covered_lines": 0, "num_statements": 4, "percent_covered": 0.0, "percent_covered_display": "0.00", "missing_lines": 4, "excluded_lines": 0, "percent_statements_covered": 0.0, "percent_statements_covered_display": "0.00", "num_branches": 0, "num_partial_branches": 0, "covered_branches": 0, "missing_branches": 0, "percent_branches_covered": 100.0, "percent_branches_covered_display": "100.00"}, "missing_lines": [36, 37, 38, 39], "excluded_lines": [], "start_line": 35, "executed_branches": [], "missing_branches": []}, "build_districts": {"executed_lines": [], "summary": {"covered_lines": 0, "num_statements": 2, "percent_covered": 0.0, "percent_covered_display": "0.00", "missing_lines": 2, "excluded_lines": 0, "percent_statements_covered": 0.0, "percent_statements_covered_display": "0.00", "num_branches": 0, "num_partial_branches": 0, "covered_branches": 0, "missing_branches": 0, "percent_branches_covered": 100.0, "percent_branches_covered_display": "100.00"}, "missing_lines": [43, 51], "excluded_lines": [], "start_line": 42, "executed_branches": [], "missing_branches": []}, "build_users": {"executed_lines": [], "summary": {"covered_lines": 0, "num_statements": 9, "percent_covered": 0.0, "percent_covered_display": "0.00", "missing_lines": 9, "excluded_lines": 0, "percent_statements_covered": 0.0, "percent_statements_covered_display": "0.00", "num_branches": 2, "num_partial_branches": 0, "covered_branches": 0, "missing_branches": 2, "percent_branches_covered": 0.0, "percent_branches_covered_display": "0.00"}, "missing_lines": [57, 63, 64, 65, 66, 67, 68, 69, 79], "excluded_lines": [], "start_line": 54, "executed_branches": [], "missing_branches": [[64, 65], [64, 79]]}, "build_resources": {"executed_lines": [], "summary": {"covered_lines": 0, "num_statements": 5, "percent_covered": 0.0, "percent_covered_display": "0.00", "missing_lines": 5, "excluded_lines": 0, "percent_statements_covered": 0.0, "percent_statements_covered_display": "0.00", "num_branches": 2, "num_partial_branches": 0, "covered_branches": 0, "missing_branches": 2, "percent_branches_covered": 0.0, "percent_branches_covered_display": "0.00"}, "missing_lines": [83, 84, 85, 86, 94], "excluded_lines": [], "start_line": 82, "executed_branches": [], "missing_branches": [[84, 85], [84, 94]]}, "build_events": {"executed_lines": [], "summary": {"covered_lines": 0, "num_statements": 5, "percent_covered": 0.0, "percent_covered_display": "0.00", "missing_lines": 5, "excluded_lines": 0, "percent_statements_covered": 0.0, "percent_statements_covered_display": "0.00", "num_branches": 2, "num_partial_branches": 0, "covered_branches": 0, "missing_branches": 2, "percent_branches_covered": 0.0, "percent_branches_covered_display": "0.00"}, "missing_lines": [103, 104, 105, 106, 118], "excluded_lines": [], "start_line": 97, "executed_branches": [], "missing_branches": [[104, 105], [104, 118]]}, "build_newsletter": {"executed_lines": [], "summary": {"covered_lines": 0, "num_statements": 1, "percent_covered": 0.0, "percent_covered_display": "0.00", "missing_lines": 1, "excluded_lines": 0, "percent_statements_covered": 0.0, "percent_statements_covered_display": "0.00", "num_branches": 0, "num_partial_branches": 0, "covered_branches": 0, "missing_branches": 0, "percent_branches_covered": 100.0, "percent_branches_covered_display": "100.00"}, "missing_lines": [122], "excluded_lines": [], "start_line": 121, "executed_branches": [], "missing_branches": []}, "": {"executed_lines": [], "summary": {"covered_lines": 0, "num_statements": 15, "percent_covered": 0.0, "percent_covered_display": "0.00", "missing_lines": 15, "excluded_lines": 0, "percent_statements_covered": 0.0, "percent_statements_covered_display": "0.00", "num_branches": 0, "num_partial_branches": 0, "covered_branches": 0, "missing_branches": 0, "percent_branches_covered": 100.0, "percent_branches_covered_display": "100.00"}, "missing_lines": [3, 4, 6, 8, 9, 16, 17, 26, 30, 35, 42, 54, 82, 97, 121], "excluded_lines": [], "start_line": 1, "executed_branches": [], "missing_branches": []}}, "classes": {"": {"executed_lines": [], "summary": {"covered_lines": 0, "num_statements": 44, "percent_covered": 0.0, "percent_covered_display": "0.00", "missing_lines": 44, "excluded_lines": 0, "percent_statements_covered": 0.0, "percent_statements_covered_display": "0.00", "num_branches": 6, "num_partial_branches": 0, "covered_branches": 0, "missing_branches": 6, "percent_branches_covered": 0.0, "percent_branches_covered_display": "0.00"}, "missing_lines": [3, 4, 6, 8, 9, 16, 17, 26, 27, 30, 31, 32, 35, 36, 37, 38, 39, 42, 43, 51, 54, 57, 63, 64, 65, 66, 67, 68, 69, 79, 82, 83, 84, 85, 86, 94, 97, 103, 104, 105, 106, 118, 121, 122], "excluded_lines": [], "start_line": 1, "executed_branches": [], "missing_branches": [[64, 65], [64, 79], [84, 85], [84, 94], [104, 105], [104, 118]]}}}, "tools/synthetic_cli.py": {"executed_lines": [], "summary": {"covered_lines": 0, "num_statements": 44, "percent_covered": 0.0, "percent_covered_display": "0.00", "missing_lines": 44, "excluded_lines": 1, "percent_statements_covered": 0.0, "percent_statements_covered_display": "0.00", "num_branches": 6, "num_partial_branches": 0, "covered_branches": 0, "missing_branches": 6, "percent_branches_covered": 0.0, "percent_branches_covered_display": "0.00"}, "missing_lines": [3, 4, 5, 6, 7, 8, 10, 11, 19, 20, 29, 30, 32, 40, 41, 42, 51, 52, 53, 54, 55, 56, 57, 62, 63, 64, 65, 66, 71, 73, 74, 77, 78, 79, 82, 85, 86, 88, 95, 96, 98, 104, 106, 115], "excluded_lines": [68], "executed_branches": [], "missing_branches": [[56, -51], [56, 57], [64, 65], [64, 71], [95, 96], [95, 98]], "functions": {"write_csv": {"executed_lines": [], "summary": {"covered_lines": 0, "num_statements": 6, "percent_covered": 0.0, "percent_covered_display": "0.00", "missing_lines": 6, "excluded_lines": 0, "percent_statements_covered": 0.0, "percent_statements_covered_display": "0.00", "num_branches": 2, "num_partial_branches": 0, "covered_branches": 0, "missing_branches": 2, "percent_branches_covered": 0.0, "percent_branches_covered_display": "0.00"}, "missing_lines": [52, 53, 54, 55, 56, 57], "excluded_lines": [], "start_line": 51, "executed_branches": [], "missing_branches": [[56, -51], [56, 57]]}, "generate_dataset": {"executed_lines": [], "summary": {"covered_lines": 0, "num_statements": 20, "percent_covered": 0.0, "percent_covered_display": "0.00", "missing_lines": 20, "excluded_lines": 1, "percent_statements_covered": 0.0, "percent_statements_covered_display": "0.00", "num_branches": 4, "num_partial_branches": 0, "covered_branches": 0, "missing_branches": 4, "percent_branches_covered": 0.0, "percent_branches_covered_display": "0.00"}, "missing_lines": [63, 64, 65, 66, 71, 73, 74, 77, 78, 79, 82, 85, 86, 88, 95, 96, 98, 104, 106, 115], "excluded_lines": [68], "start_line": 62, "executed_branches": [], "missing_branches": [[64, 65], [64, 71], [95, 96], [95, 98]]}, "": {"executed_lines": [], "summary": {"covered_lines": 0, "num_statements": 18, "percent_covered": 0.0, "percent_covered_display": "0.00", "missing_lines": 18, "excluded_lines": 0, "percent_statements_covered": 0.0, "percent_statements_covered_display": "0.00", "num_branches": 0, "num_partial_branches": 0, "covered_branches": 0, "missing_branches": 0, "percent_branches_covered": 100.0, "percent_branches_covered_display": "100.00"}, "missing_lines": [3, 4, 5, 6, 7, 8, 10, 11, 19, 20, 29, 30, 32, 40, 41, 42, 51, 62], "excluded_lines": [], "start_line": 1, "executed_branches": [], "missing_branches": []}}, "classes": {"": {"executed_lines": [], "summary": {"covered_lines": 0, "num_statements": 44, "percent_covered": 0.0, "percent_covered_display": "0.00", "missing_lines": 44, "excluded_lines": 1, "percent_statements_covered": 0.0, "percent_statements_covered_display": "0.00", "num_branches": 6, "num_partial_branches": 0, "covered_branches": 0, "missing_branches": 6, "percent_branches_covered": 0.0, "percent_branches_covered_display": "0.00"}, "missing_lines": [3, 4, 5, 6, 7, 8, 10, 11, 19, 20, 29, 30, 32, 40, 41, 42, 51, 52, 53, 54, 55, 56, 57, 62, 63, 64, 65, 66, 71, 73, 74, 77, 78, 79, 82, 85, 86, 88, 95, 96, 98, 104, 106, 115], "excluded_lines": [68], "start_line": 1, "executed_branches": [], "missing_branches": [[56, -51], [56, 57], [64, 65], [64, 71], [95, 96], [95, 98]]}}}, "tools/synthetic_templates.py": {"executed_lines": [], "summary": {"covered_lines": 0, "num_statements": 5, "percent_covered": 0.0, "percent_covered_display": "0.00", "missing_lines": 5, "excluded_lines": 0, "percent_statements_covered": 0.0, "percent_statements_covered_display": "0.00", "num_branches": 0, "num_partial_branches": 0, "covered_branches": 0, "missing_branches": 0, "percent_branches_covered": 100.0, "percent_branches_covered_display": "100.00"}, "missing_lines": [3, 11, 78, 117, 162], "excluded_lines": [], "executed_branches": [], "missing_branches": [], "functions": {"": {"executed_lines": [], "summary": {"covered_lines": 0, "num_statements": 5, "percent_covered": 0.0, "percent_covered_display": "0.00", "missing_lines": 5, "excluded_lines": 0, "percent_statements_covered": 0.0, "percent_statements_covered_display": "0.00", "num_branches": 0, "num_partial_branches": 0, "covered_branches": 0, "missing_branches": 0, "percent_branches_covered": 100.0, "percent_branches_covered_display": "100.00"}, "missing_lines": [3, 11, 78, 117, 162], "excluded_lines": [], "start_line": 1, "executed_branches": [], "missing_branches": []}}, "classes": {"": {"executed_lines": [], "summary": {"covered_lines": 0, "num_statements": 5, "percent_covered": 0.0, "percent_covered_display": "0.00", "missing_lines": 5, "excluded_lines": 0, "percent_statements_covered": 0.0, "percent_statements_covered_display": "0.00", "num_branches": 0, "num_partial_branches": 0, "covered_branches": 0, "missing_branches": 0, "percent_branches_covered": 100.0, "percent_branches_covered_display": "100.00"}, "missing_lines": [3, 11, 78, 117, 162], "excluded_lines": [], "start_line": 1, "executed_branches": [], "missing_branches": []}}}}, "totals": {"covered_lines": 161, "num_statements": 2117, "percent_covered": 7.184693479109723, "percent_covered_display": "7.18", "missing_lines": 1956, "excluded_lines": 59, "percent_statements_covered": 7.605101558809636, "percent_statements_covered_display": "7.61", "num_branches": 444, "num_partial_branches": 13, "covered_branches": 23, "missing_branches": 421, "percent_branches_covered": 5.18018018018018, "percent_branches_covered_display": "5.18"}}